[debug] [2021-12-26T08:22:52.083Z] ----------------------------------------------------------------------
[debug] [2021-12-26T08:22:52.084Z] Command:       /usr/local/Cellar/node/17.0.1/bin/node /usr/local/bin/firebase deploy --only functions
[debug] [2021-12-26T08:22:52.084Z] CLI Version:   9.22.0
[debug] [2021-12-26T08:22:52.084Z] Platform:      darwin
[debug] [2021-12-26T08:22:52.084Z] Node Version:  v17.0.1
[debug] [2021-12-26T08:22:52.085Z] Time:          Sun Dec 26 2021 17:22:52 GMT+0900 (대한민국 표준시)
[debug] [2021-12-26T08:22:52.085Z] ----------------------------------------------------------------------
[debug] 
[debug] [2021-12-26T08:22:52.119Z] > command requires scopes: ["email","openid","https://www.googleapis.com/auth/cloudplatformprojects.readonly","https://www.googleapis.com/auth/firebase","https://www.googleapis.com/auth/cloud-platform"]
[debug] [2021-12-26T08:22:52.120Z] > authorizing via signed-in user (a.shyun55@gmail.com)
[debug] [2021-12-26T08:22:52.120Z] [iam] checking project comocomo-test1 for permissions ["cloudfunctions.functions.create","cloudfunctions.functions.delete","cloudfunctions.functions.get","cloudfunctions.functions.list","cloudfunctions.functions.update","cloudfunctions.operations.get","firebase.projects.get"]
[debug] [2021-12-26T08:22:52.121Z] >>> HTTP REQUEST POST https://cloudresourcemanager.googleapis.com/v1/projects/comocomo-test1:testIamPermissions  
 {"permissions":["cloudfunctions.functions.create","cloudfunctions.functions.delete","cloudfunctions.functions.get","cloudfunctions.functions.list","cloudfunctions.functions.update","cloudfunctions.operations.get","firebase.projects.get"]}
[debug] [2021-12-26T08:22:53.149Z] <<< HTTP RESPONSE 200 {"content-type":"application/json; charset=UTF-8","vary":"X-Origin, Referer, Origin,Accept-Encoding","date":"Sun, 26 Dec 2021 08:22:53 GMT","server":"ESF","cache-control":"private","x-xss-protection":"0","x-frame-options":"SAMEORIGIN","x-content-type-options":"nosniff","server-timing":"gfet4t7; dur=825","alt-svc":"h3=\":443\"; ma=2592000,h3-29=\":443\"; ma=2592000,h3-Q050=\":443\"; ma=2592000,h3-Q046=\":443\"; ma=2592000,h3-Q043=\":443\"; ma=2592000,quic=\":443\"; ma=2592000; v=\"46,43\"","accept-ranges":"none","transfer-encoding":"chunked"}
[debug] [2021-12-26T08:22:53.151Z] >>> HTTP REQUEST POST https://iam.googleapis.com/v1/projects/comocomo-test1/serviceAccounts/comocomo-test1@appspot.gserviceaccount.com:testIamPermissions  
 {"permissions":["iam.serviceAccounts.actAs"]}
[debug] [2021-12-26T08:22:54.270Z] <<< HTTP RESPONSE 200 {"content-type":"application/json; charset=UTF-8","vary":"X-Origin, Referer, Origin,Accept-Encoding","date":"Sun, 26 Dec 2021 08:22:54 GMT","server":"ESF","cache-control":"private","x-xss-protection":"0","x-frame-options":"SAMEORIGIN","x-content-type-options":"nosniff","alt-svc":"h3=\":443\"; ma=2592000,h3-29=\":443\"; ma=2592000,h3-Q050=\":443\"; ma=2592000,h3-Q046=\":443\"; ma=2592000,h3-Q043=\":443\"; ma=2592000,quic=\":443\"; ma=2592000; v=\"46,43\"","accept-ranges":"none","transfer-encoding":"chunked"}
[info] 
[info] === Deploying to 'comocomo-test1'...
[info] 
[info] i  deploying functions 
[debug] [2021-12-26T08:22:54.276Z] Validating nodejs source
[debug] [2021-12-26T08:22:55.045Z] > [functions] package.json contents: {
  "name": "functions",
  "description": "Cloud Functions for Firebase",
  "scripts": {
    "serve": "firebase emulators:start --only functions",
    "shell": "firebase functions:shell",
    "start": "npm run shell",
    "deploy": "firebase deploy --only functions",
    "logs": "firebase functions:log"
  },
  "engines": {
    "node": "14"
  },
  "main": "index.js",
  "dependencies": {
    "firebase-admin": "^9.8.0",
    "firebase-functions": "^3.14.1"
  },
  "devDependencies": {
    "firebase-functions-test": "^0.2.0"
  },
  "private": true
}
[debug] [2021-12-26T08:22:55.045Z] Building nodejs source
[info] i  functions: ensuring required API cloudfunctions.googleapis.com is enabled... 
[info] i  functions: ensuring required API cloudbuild.googleapis.com is enabled... 
[debug] [2021-12-26T08:22:55.047Z] >>> HTTP REQUEST GET https://serviceusage.googleapis.com/v1/projects/comocomo-test1/services/cloudfunctions.googleapis.com  
 
[debug] [2021-12-26T08:22:55.047Z] >>> HTTP REQUEST GET https://serviceusage.googleapis.com/v1/projects/comocomo-test1/services/runtimeconfig.googleapis.com  
 
[debug] [2021-12-26T08:22:55.047Z] >>> HTTP REQUEST GET https://serviceusage.googleapis.com/v1/projects/comocomo-test1/services/cloudbuild.googleapis.com  
 
[debug] [2021-12-26T08:22:56.427Z] <<< HTTP RESPONSE 200 {"content-type":"application/json; charset=UTF-8","vary":"X-Origin, Referer, Origin,Accept-Encoding","date":"Sun, 26 Dec 2021 08:22:56 GMT","server":"ESF","cache-control":"private","x-xss-protection":"0","x-frame-options":"SAMEORIGIN","x-content-type-options":"nosniff","alt-svc":"h3=\":443\"; ma=2592000,h3-29=\":443\"; ma=2592000,h3-Q050=\":443\"; ma=2592000,h3-Q046=\":443\"; ma=2592000,h3-Q043=\":443\"; ma=2592000,quic=\":443\"; ma=2592000; v=\"46,43\"","accept-ranges":"none","transfer-encoding":"chunked"}
[debug] [2021-12-26T08:22:56.502Z] <<< HTTP RESPONSE 200 {"content-type":"application/json; charset=UTF-8","vary":"X-Origin, Referer, Origin,Accept-Encoding","date":"Sun, 26 Dec 2021 08:22:56 GMT","server":"ESF","cache-control":"private","x-xss-protection":"0","x-frame-options":"SAMEORIGIN","x-content-type-options":"nosniff","alt-svc":"h3=\":443\"; ma=2592000,h3-29=\":443\"; ma=2592000,h3-Q050=\":443\"; ma=2592000,h3-Q046=\":443\"; ma=2592000,h3-Q043=\":443\"; ma=2592000,quic=\":443\"; ma=2592000; v=\"46,43\"","accept-ranges":"none","transfer-encoding":"chunked"}
[info] ✔  functions: required API cloudbuild.googleapis.com is enabled 
[debug] [2021-12-26T08:22:56.511Z] <<< HTTP RESPONSE 200 {"content-type":"application/json; charset=UTF-8","vary":"X-Origin, Referer, Origin,Accept-Encoding","date":"Sun, 26 Dec 2021 08:22:56 GMT","server":"ESF","cache-control":"private","x-xss-protection":"0","x-frame-options":"SAMEORIGIN","x-content-type-options":"nosniff","alt-svc":"h3=\":443\"; ma=2592000,h3-29=\":443\"; ma=2592000,h3-Q050=\":443\"; ma=2592000,h3-Q046=\":443\"; ma=2592000,h3-Q043=\":443\"; ma=2592000,quic=\":443\"; ma=2592000; v=\"46,43\"","accept-ranges":"none","transfer-encoding":"chunked"}
[info] ✔  functions: required API cloudfunctions.googleapis.com is enabled 
[debug] [2021-12-26T08:22:56.512Z] >>> HTTP REQUEST GET https://firebase.googleapis.com/v1beta1/projects/comocomo-test1/adminSdkConfig  
 
[debug] [2021-12-26T08:22:57.139Z] <<< HTTP RESPONSE 200 {"content-type":"application/json; charset=UTF-8","vary":"X-Origin, Referer, Origin,Accept-Encoding","date":"Sun, 26 Dec 2021 08:22:56 GMT","server":"ESF","cache-control":"private","x-xss-protection":"0","x-frame-options":"SAMEORIGIN","x-content-type-options":"nosniff","alt-svc":"h3=\":443\"; ma=2592000,h3-29=\":443\"; ma=2592000,h3-Q050=\":443\"; ma=2592000,h3-Q046=\":443\"; ma=2592000,h3-Q043=\":443\"; ma=2592000,quic=\":443\"; ma=2592000; v=\"46,43\"","accept-ranges":"none","transfer-encoding":"chunked"}
[debug] [2021-12-26T08:22:57.140Z] >>> HTTP REQUEST GET https://runtimeconfig.googleapis.com/v1beta1/projects/comocomo-test1/configs  
 
[debug] [2021-12-26T08:22:58.364Z] <<< HTTP RESPONSE 200 {"content-type":"application/json; charset=UTF-8","vary":"X-Origin, Referer, Origin,Accept-Encoding","date":"Sun, 26 Dec 2021 08:22:58 GMT","server":"ESF","cache-control":"private","x-xss-protection":"0","x-frame-options":"SAMEORIGIN","x-content-type-options":"nosniff","alt-svc":"h3=\":443\"; ma=2592000,h3-29=\":443\"; ma=2592000,h3-Q050=\":443\"; ma=2592000,h3-Q046=\":443\"; ma=2592000,h3-Q043=\":443\"; ma=2592000,quic=\":443\"; ma=2592000; v=\"46,43\"","accept-ranges":"none","transfer-encoding":"chunked"}
[debug] [2021-12-26T08:22:58.365Z] Analyzing nodejs backend spec
[info] i  functions: preparing functions directory for uploading... 
[info] i  functions: packaged functions (55.02 KB) for uploading 
[debug] [2021-12-26T08:22:58.514Z] >>> HTTP REQUEST GET https://cloudfunctions.googleapis.com/v1/projects/comocomo-test1/locations/-/functions  
 
[debug] [2021-12-26T08:22:59.537Z] <<< HTTP RESPONSE 200 {"content-type":"application/json; charset=UTF-8","vary":"X-Origin, Referer, Origin,Accept-Encoding","date":"Sun, 26 Dec 2021 08:22:59 GMT","server":"ESF","cache-control":"private","x-xss-protection":"0","x-frame-options":"SAMEORIGIN","x-content-type-options":"nosniff","alt-svc":"h3=\":443\"; ma=2592000,h3-29=\":443\"; ma=2592000,h3-Q050=\":443\"; ma=2592000,h3-Q046=\":443\"; ma=2592000,h3-Q043=\":443\"; ma=2592000,quic=\":443\"; ma=2592000; v=\"46,43\"","accept-ranges":"none","transfer-encoding":"chunked"}
[debug] [2021-12-26T08:22:59.540Z] [functions] found 3 new HTTP functions, testing setIamPolicy permission...
[debug] [2021-12-26T08:22:59.541Z] >>> HTTP REQUEST POST https://cloudresourcemanager.googleapis.com/v1/projects/comocomo-test1:testIamPermissions  
 {"permissions":["cloudfunctions.functions.setIamPolicy"]}
[debug] [2021-12-26T08:23:00.588Z] <<< HTTP RESPONSE 200 {"content-type":"application/json; charset=UTF-8","vary":"X-Origin, Referer, Origin,Accept-Encoding","date":"Sun, 26 Dec 2021 08:23:00 GMT","server":"ESF","cache-control":"private","x-xss-protection":"0","x-frame-options":"SAMEORIGIN","x-content-type-options":"nosniff","server-timing":"gfet4t7; dur=820","alt-svc":"h3=\":443\"; ma=2592000,h3-29=\":443\"; ma=2592000,h3-Q050=\":443\"; ma=2592000,h3-Q046=\":443\"; ma=2592000,h3-Q043=\":443\"; ma=2592000,quic=\":443\"; ma=2592000; v=\"46,43\"","accept-ranges":"none","transfer-encoding":"chunked"}
[debug] [2021-12-26T08:23:00.589Z] [functions] found setIamPolicy permission, proceeding with deploy
[debug] [2021-12-26T08:23:00.590Z] >>> HTTP REQUEST POST https://cloudfunctions.googleapis.com/v1/projects/comocomo-test1/locations/us-central1/functions:generateUploadUrl  
 
[debug] [2021-12-26T08:23:01.646Z] <<< HTTP RESPONSE 200 {"content-type":"application/json; charset=UTF-8","vary":"X-Origin, Referer, Origin,Accept-Encoding","date":"Sun, 26 Dec 2021 08:23:01 GMT","server":"ESF","cache-control":"private","x-xss-protection":"0","x-frame-options":"SAMEORIGIN","x-content-type-options":"nosniff","alt-svc":"h3=\":443\"; ma=2592000,h3-29=\":443\"; ma=2592000,h3-Q050=\":443\"; ma=2592000,h3-Q046=\":443\"; ma=2592000,h3-Q043=\":443\"; ma=2592000,quic=\":443\"; ma=2592000; v=\"46,43\"","accept-ranges":"none","transfer-encoding":"chunked"}
[debug] [2021-12-26T08:23:01.647Z] >>> HTTP REQUEST PUT https://storage.googleapis.com/gcf-upload-us-central1-a3324d84-ce1d-44c6-a226-492de5787b3a/47dd7647-0c99-421f-83a6-bdc2ea58b77d.zip?GoogleAccessId=service-749585415781@gcf-admin-robot.iam.gserviceaccount.com&Expires=1640508781&Signature=LprC%2B4L5MYnLHPg9I8LnQdPNm6lpQDWpI4ElHnh5Khb05vZZNC1W3KYozmsh7bQoVEqUjzcowVGCrnslITjIb2TPIKtRkPF99yllOopU1T7SegRnP1jqs4PQi2HNbdcdWkwwCE3mDugbnLMLz7kNEIrAeA0BPBvhwDJatjkHzMPv9WFYvBmZTxiIenVFMk6ChtSp5jziWUSsZ0BLzTWjUIywdH9I72ubXXnm2nroPgn8tA8%2BF6po2V7IwRANTiyYcbc3eEUk%2FR2l7uZBzoAu6oKBJ3RbmiVdH7gMheuqc706iUubV2m48yvtlfoW5hVcrVYrEcFc6uhhaHIRLLnBDg%3D%3D  
 <request body omitted>
[debug] [2021-12-26T08:23:02.054Z] <<< HTTP RESPONSE 200 {"x-guploader-uploadid":"ADPycdtQyCgb4hYTSOGF6i_ZpgabjDw7P6uIVHVqu81vMTz4-JWRlwES2a8VtdodOBAsLMhRJPBgdsX_ojxeUthFr3Y","etag":"\"428f5dc4c36b73b1c28d5ee73073ee3d\"","x-goog-generation":"1640506981861169","x-goog-metageneration":"1","x-goog-hash":"crc32c=sSnO+A==, md5=Qo9dxMNrc7HCjV7nMHPuPQ==","x-goog-stored-content-length":"56336","x-goog-stored-content-encoding":"identity","vary":"Origin","content-length":"0","date":"Sun, 26 Dec 2021 08:23:01 GMT","server":"UploadServer","content-type":"text/html; charset=UTF-8","alt-svc":"h3=\":443\"; ma=2592000,h3-29=\":443\"; ma=2592000,h3-Q050=\":443\"; ma=2592000,h3-Q046=\":443\"; ma=2592000,h3-Q043=\":443\"; ma=2592000,quic=\":443\"; ma=2592000; v=\"46,43\""}
[info] ✔  functions: functions folder uploaded successfully 
[info] 
The following functions are found in your project but do not exist in your local source code:
	group-addPet(us-central1)
	group-addUser(us-central1)
	group-createGroup(us-central1)
	group-getGroup(us-central1)
	group-getGroupById(us-central1)
	schedule-addRecord(us-central1)
	schedule-addTask(us-central1)
	schedule-getTaskList(us-central1)
	schedule-getTodaySchedule(us-central1)
	schedule-updateTask(us-central1)
	task-addRecord(us-central1)
	task-addTask(us-central1)
	task-createTaskCollection(us-central1)
	task-createTaskList(us-central1)
	task-deleteRecord(us-central1)
	task-deleteTask(us-central1)
	task-getTask(us-central1)
	task-getTaskById(us-central1)
	task-getTaskListByGroupId(us-central1)
	task-getTaskListById(us-central1)
	task-getTodaySchedule(us-central1)
	task-updateRecord(us-central1)
	task-updateTask(us-central1)
	token-createCustomToken(us-central1)

If you are renaming a function or changing its region, it is recommended that you create the new function first before deleting the old one to prevent event loss. For more info, visit https://firebase.google.com/docs/functions/manage-functions#modify

[info] i  functions: creating Node.js 14 function test-createGroup(us-central1)... 
[info] i  functions: creating Node.js 14 function test-addPet(us-central1)... 
[info] i  functions: creating Node.js 14 function test-addUser(us-central1)... 
[debug] [2021-12-26T08:23:05.324Z] >>> HTTP REQUEST POST https://cloudfunctions.googleapis.com/v1/projects/comocomo-test1/locations/us-central1/functions  
 {"name":"projects/comocomo-test1/locations/us-central1/functions/test-createGroup","sourceUploadUrl":"https://storage.googleapis.com/gcf-upload-us-central1-a3324d84-ce1d-44c6-a226-492de5787b3a/47dd7647-0c99-421f-83a6-bdc2ea58b77d.zip?GoogleAccessId=service-749585415781@gcf-admin-robot.iam.gserviceaccount.com&Expires=1640508781&Signature=LprC%2B4L5MYnLHPg9I8LnQdPNm6lpQDWpI4ElHnh5Khb05vZZNC1W3KYozmsh7bQoVEqUjzcowVGCrnslITjIb2TPIKtRkPF99yllOopU1T7SegRnP1jqs4PQi2HNbdcdWkwwCE3mDugbnLMLz7kNEIrAeA0BPBvhwDJatjkHzMPv9WFYvBmZTxiIenVFMk6ChtSp5jziWUSsZ0BLzTWjUIywdH9I72ubXXnm2nroPgn8tA8%2BF6po2V7IwRANTiyYcbc3eEUk%2FR2l7uZBzoAu6oKBJ3RbmiVdH7gMheuqc706iUubV2m48yvtlfoW5hVcrVYrEcFc6uhhaHIRLLnBDg%3D%3D","entryPoint":"test.createGroup","runtime":"nodejs14","labels":{"deployment-tool":"cli-firebase"},"httpsTrigger":{},"environmentVariables":{"FIREBASE_CONFIG":"{\"projectId\":\"comocomo-test1\",\"databaseURL\":\"https://comocomo-test1.firebaseio.com\",\"storageBucket\":\"comocomo-test1.appspot.com\",\"locationId\":\"us-central\"}","GCLOUD_PROJECT":"comocomo-test1"}}
[debug] [2021-12-26T08:23:05.980Z] <<< HTTP RESPONSE 200 {"content-type":"application/json; charset=UTF-8","vary":"X-Origin, Referer, Origin,Accept-Encoding","date":"Sun, 26 Dec 2021 08:23:05 GMT","server":"ESF","cache-control":"private","x-xss-protection":"0","x-frame-options":"SAMEORIGIN","x-content-type-options":"nosniff","alt-svc":"h3=\":443\"; ma=2592000,h3-29=\":443\"; ma=2592000,h3-Q050=\":443\"; ma=2592000,h3-Q046=\":443\"; ma=2592000,h3-Q043=\":443\"; ma=2592000,quic=\":443\"; ma=2592000; v=\"46,43\"","accept-ranges":"none","transfer-encoding":"chunked"}
[debug] [2021-12-26T08:23:05.982Z] > refreshing access token with scopes: []
[debug] [2021-12-26T08:23:05.982Z] >>> HTTP REQUEST POST https://www.googleapis.com/oauth2/v3/token  
 <request body omitted>
[debug] [2021-12-26T08:23:06.162Z] <<< HTTP RESPONSE 200 {"pragma":"no-cache","expires":"Mon, 01 Jan 1990 00:00:00 GMT","cache-control":"no-cache, no-store, max-age=0, must-revalidate","date":"Sun, 26 Dec 2021 08:23:06 GMT","content-type":"application/json; charset=utf-8","vary":"X-Origin, Referer, Origin,Accept-Encoding","server":"scaffolding on HTTPServer2","x-xss-protection":"0","x-frame-options":"SAMEORIGIN","x-content-type-options":"nosniff","alt-svc":"h3=\":443\"; ma=2592000,h3-29=\":443\"; ma=2592000,h3-Q050=\":443\"; ma=2592000,h3-Q046=\":443\"; ma=2592000,h3-Q043=\":443\"; ma=2592000,quic=\":443\"; ma=2592000; v=\"46,43\"","accept-ranges":"none","transfer-encoding":"chunked"}
[debug] [2021-12-26T08:23:06.227Z] >>> [apiv2][query] GET https://cloudfunctions.googleapis.com/v1/operations/Y29tb2NvbW8tdGVzdDEvdXMtY2VudHJhbDEvdGVzdC1jcmVhdGVHcm91cC9BeUVRY0RQUGJqSQ [none]
[debug] [2021-12-26T08:23:06.870Z] <<< [apiv2][status] GET https://cloudfunctions.googleapis.com/v1/operations/Y29tb2NvbW8tdGVzdDEvdXMtY2VudHJhbDEvdGVzdC1jcmVhdGVHcm91cC9BeUVRY0RQUGJqSQ 200
[debug] [2021-12-26T08:23:06.870Z] <<< [apiv2][body] GET https://cloudfunctions.googleapis.com/v1/operations/Y29tb2NvbW8tdGVzdDEvdXMtY2VudHJhbDEvdGVzdC1jcmVhdGVHcm91cC9BeUVRY0RQUGJqSQ {"name":"operations/Y29tb2NvbW8tdGVzdDEvdXMtY2VudHJhbDEvdGVzdC1jcmVhdGVHcm91cC9BeUVRY0RQUGJqSQ","metadata":{"@type":"type.googleapis.com/google.cloud.functions.v1.OperationMetadataV1","target":"projects/comocomo-test1/locations/us-central1/functions/test-createGroup","type":"CREATE_FUNCTION","request":{"@type":"type.googleapis.com/google.cloud.functions.v1.CloudFunction","name":"projects/comocomo-test1/locations/us-central1/functions/test-createGroup","httpsTrigger":{},"entryPoint":"test.createGroup","labels":{"deployment-tool":"cli-firebase"},"sourceUploadUrl":"https://storage.googleapis.com/gcf-upload-us-central1-a3324d84-ce1d-44c6-a226-492de5787b3a/47dd7647-0c99-421f-83a6-bdc2ea58b77d.zip?GoogleAccessId=service-749585415781@gcf-admin-robot.iam.gserviceaccount.com&Expires=1640508781&Signature=LprC%2B4L5MYnLHPg9I8LnQdPNm6lpQDWpI4ElHnh5Khb05vZZNC1W3KYozmsh7bQoVEqUjzcowVGCrnslITjIb2TPIKtRkPF99yllOopU1T7SegRnP1jqs4PQi2HNbdcdWkwwCE3mDugbnLMLz7kNEIrAeA0BPBvhwDJatjkHzMPv9WFYvBmZTxiIenVFMk6ChtSp5jziWUSsZ0BLzTWjUIywdH9I72ubXXnm2nroPgn8tA8%2BF6po2V7IwRANTiyYcbc3eEUk%2FR2l7uZBzoAu6oKBJ3RbmiVdH7gMheuqc706iUubV2m48yvtlfoW5hVcrVYrEcFc6uhhaHIRLLnBDg%3D%3D","environmentVariables":{"FIREBASE_CONFIG":"{\"projectId\":\"comocomo-test1\",\"databaseURL\":\"https://comocomo-test1.firebaseio.com\",\"storageBucket\":\"comocomo-test1.appspot.com\",\"locationId\":\"us-central\"}","GCLOUD_PROJECT":"comocomo-test1"},"runtime":"nodejs14"},"versionId":"1","updateTime":"2021-12-26T08:23:05Z","buildId":"13495a9a-8d3b-472d-a9a8-d9ed9fea1ad9","buildName":"projects/749585415781/locations/us-central1/builds/13495a9a-8d3b-472d-a9a8-d9ed9fea1ad9"}}
[debug] [2021-12-26T08:23:07.376Z] [create-us-central1-test-createGroup] Retrying task index 0
[debug] [2021-12-26T08:23:07.376Z] >>> [apiv2][query] GET https://cloudfunctions.googleapis.com/v1/operations/Y29tb2NvbW8tdGVzdDEvdXMtY2VudHJhbDEvdGVzdC1jcmVhdGVHcm91cC9BeUVRY0RQUGJqSQ [none]
[debug] [2021-12-26T08:23:07.792Z] <<< [apiv2][status] GET https://cloudfunctions.googleapis.com/v1/operations/Y29tb2NvbW8tdGVzdDEvdXMtY2VudHJhbDEvdGVzdC1jcmVhdGVHcm91cC9BeUVRY0RQUGJqSQ 200
[debug] [2021-12-26T08:23:07.792Z] <<< [apiv2][body] GET https://cloudfunctions.googleapis.com/v1/operations/Y29tb2NvbW8tdGVzdDEvdXMtY2VudHJhbDEvdGVzdC1jcmVhdGVHcm91cC9BeUVRY0RQUGJqSQ {"name":"operations/Y29tb2NvbW8tdGVzdDEvdXMtY2VudHJhbDEvdGVzdC1jcmVhdGVHcm91cC9BeUVRY0RQUGJqSQ","metadata":{"@type":"type.googleapis.com/google.cloud.functions.v1.OperationMetadataV1","target":"projects/comocomo-test1/locations/us-central1/functions/test-createGroup","type":"CREATE_FUNCTION","request":{"@type":"type.googleapis.com/google.cloud.functions.v1.CloudFunction","name":"projects/comocomo-test1/locations/us-central1/functions/test-createGroup","httpsTrigger":{},"entryPoint":"test.createGroup","labels":{"deployment-tool":"cli-firebase"},"sourceUploadUrl":"https://storage.googleapis.com/gcf-upload-us-central1-a3324d84-ce1d-44c6-a226-492de5787b3a/47dd7647-0c99-421f-83a6-bdc2ea58b77d.zip?GoogleAccessId=service-749585415781@gcf-admin-robot.iam.gserviceaccount.com&Expires=1640508781&Signature=LprC%2B4L5MYnLHPg9I8LnQdPNm6lpQDWpI4ElHnh5Khb05vZZNC1W3KYozmsh7bQoVEqUjzcowVGCrnslITjIb2TPIKtRkPF99yllOopU1T7SegRnP1jqs4PQi2HNbdcdWkwwCE3mDugbnLMLz7kNEIrAeA0BPBvhwDJatjkHzMPv9WFYvBmZTxiIenVFMk6ChtSp5jziWUSsZ0BLzTWjUIywdH9I72ubXXnm2nroPgn8tA8%2BF6po2V7IwRANTiyYcbc3eEUk%2FR2l7uZBzoAu6oKBJ3RbmiVdH7gMheuqc706iUubV2m48yvtlfoW5hVcrVYrEcFc6uhhaHIRLLnBDg%3D%3D","environmentVariables":{"FIREBASE_CONFIG":"{\"projectId\":\"comocomo-test1\",\"databaseURL\":\"https://comocomo-test1.firebaseio.com\",\"storageBucket\":\"comocomo-test1.appspot.com\",\"locationId\":\"us-central\"}","GCLOUD_PROJECT":"comocomo-test1"},"runtime":"nodejs14"},"versionId":"1","updateTime":"2021-12-26T08:23:05Z","buildId":"13495a9a-8d3b-472d-a9a8-d9ed9fea1ad9","buildName":"projects/749585415781/locations/us-central1/builds/13495a9a-8d3b-472d-a9a8-d9ed9fea1ad9"}}
[debug] [2021-12-26T08:23:08.796Z] [create-us-central1-test-createGroup] Retrying task index 0
[debug] [2021-12-26T08:23:08.796Z] >>> [apiv2][query] GET https://cloudfunctions.googleapis.com/v1/operations/Y29tb2NvbW8tdGVzdDEvdXMtY2VudHJhbDEvdGVzdC1jcmVhdGVHcm91cC9BeUVRY0RQUGJqSQ [none]
[debug] [2021-12-26T08:23:09.427Z] <<< [apiv2][status] GET https://cloudfunctions.googleapis.com/v1/operations/Y29tb2NvbW8tdGVzdDEvdXMtY2VudHJhbDEvdGVzdC1jcmVhdGVHcm91cC9BeUVRY0RQUGJqSQ 200
[debug] [2021-12-26T08:23:09.428Z] <<< [apiv2][body] GET https://cloudfunctions.googleapis.com/v1/operations/Y29tb2NvbW8tdGVzdDEvdXMtY2VudHJhbDEvdGVzdC1jcmVhdGVHcm91cC9BeUVRY0RQUGJqSQ {"name":"operations/Y29tb2NvbW8tdGVzdDEvdXMtY2VudHJhbDEvdGVzdC1jcmVhdGVHcm91cC9BeUVRY0RQUGJqSQ","metadata":{"@type":"type.googleapis.com/google.cloud.functions.v1.OperationMetadataV1","target":"projects/comocomo-test1/locations/us-central1/functions/test-createGroup","type":"CREATE_FUNCTION","request":{"@type":"type.googleapis.com/google.cloud.functions.v1.CloudFunction","name":"projects/comocomo-test1/locations/us-central1/functions/test-createGroup","httpsTrigger":{},"entryPoint":"test.createGroup","labels":{"deployment-tool":"cli-firebase"},"sourceUploadUrl":"https://storage.googleapis.com/gcf-upload-us-central1-a3324d84-ce1d-44c6-a226-492de5787b3a/47dd7647-0c99-421f-83a6-bdc2ea58b77d.zip?GoogleAccessId=service-749585415781@gcf-admin-robot.iam.gserviceaccount.com&Expires=1640508781&Signature=LprC%2B4L5MYnLHPg9I8LnQdPNm6lpQDWpI4ElHnh5Khb05vZZNC1W3KYozmsh7bQoVEqUjzcowVGCrnslITjIb2TPIKtRkPF99yllOopU1T7SegRnP1jqs4PQi2HNbdcdWkwwCE3mDugbnLMLz7kNEIrAeA0BPBvhwDJatjkHzMPv9WFYvBmZTxiIenVFMk6ChtSp5jziWUSsZ0BLzTWjUIywdH9I72ubXXnm2nroPgn8tA8%2BF6po2V7IwRANTiyYcbc3eEUk%2FR2l7uZBzoAu6oKBJ3RbmiVdH7gMheuqc706iUubV2m48yvtlfoW5hVcrVYrEcFc6uhhaHIRLLnBDg%3D%3D","environmentVariables":{"FIREBASE_CONFIG":"{\"projectId\":\"comocomo-test1\",\"databaseURL\":\"https://comocomo-test1.firebaseio.com\",\"storageBucket\":\"comocomo-test1.appspot.com\",\"locationId\":\"us-central\"}","GCLOUD_PROJECT":"comocomo-test1"},"runtime":"nodejs14"},"versionId":"1","updateTime":"2021-12-26T08:23:05Z","buildId":"13495a9a-8d3b-472d-a9a8-d9ed9fea1ad9","buildName":"projects/749585415781/locations/us-central1/builds/13495a9a-8d3b-472d-a9a8-d9ed9fea1ad9"}}
[debug] [2021-12-26T08:23:11.430Z] [create-us-central1-test-createGroup] Retrying task index 0
[debug] [2021-12-26T08:23:11.431Z] >>> [apiv2][query] GET https://cloudfunctions.googleapis.com/v1/operations/Y29tb2NvbW8tdGVzdDEvdXMtY2VudHJhbDEvdGVzdC1jcmVhdGVHcm91cC9BeUVRY0RQUGJqSQ [none]
[debug] [2021-12-26T08:23:11.956Z] <<< [apiv2][status] GET https://cloudfunctions.googleapis.com/v1/operations/Y29tb2NvbW8tdGVzdDEvdXMtY2VudHJhbDEvdGVzdC1jcmVhdGVHcm91cC9BeUVRY0RQUGJqSQ 200
[debug] [2021-12-26T08:23:11.956Z] <<< [apiv2][body] GET https://cloudfunctions.googleapis.com/v1/operations/Y29tb2NvbW8tdGVzdDEvdXMtY2VudHJhbDEvdGVzdC1jcmVhdGVHcm91cC9BeUVRY0RQUGJqSQ {"name":"operations/Y29tb2NvbW8tdGVzdDEvdXMtY2VudHJhbDEvdGVzdC1jcmVhdGVHcm91cC9BeUVRY0RQUGJqSQ","metadata":{"@type":"type.googleapis.com/google.cloud.functions.v1.OperationMetadataV1","target":"projects/comocomo-test1/locations/us-central1/functions/test-createGroup","type":"CREATE_FUNCTION","request":{"@type":"type.googleapis.com/google.cloud.functions.v1.CloudFunction","name":"projects/comocomo-test1/locations/us-central1/functions/test-createGroup","httpsTrigger":{},"entryPoint":"test.createGroup","labels":{"deployment-tool":"cli-firebase"},"sourceUploadUrl":"https://storage.googleapis.com/gcf-upload-us-central1-a3324d84-ce1d-44c6-a226-492de5787b3a/47dd7647-0c99-421f-83a6-bdc2ea58b77d.zip?GoogleAccessId=service-749585415781@gcf-admin-robot.iam.gserviceaccount.com&Expires=1640508781&Signature=LprC%2B4L5MYnLHPg9I8LnQdPNm6lpQDWpI4ElHnh5Khb05vZZNC1W3KYozmsh7bQoVEqUjzcowVGCrnslITjIb2TPIKtRkPF99yllOopU1T7SegRnP1jqs4PQi2HNbdcdWkwwCE3mDugbnLMLz7kNEIrAeA0BPBvhwDJatjkHzMPv9WFYvBmZTxiIenVFMk6ChtSp5jziWUSsZ0BLzTWjUIywdH9I72ubXXnm2nroPgn8tA8%2BF6po2V7IwRANTiyYcbc3eEUk%2FR2l7uZBzoAu6oKBJ3RbmiVdH7gMheuqc706iUubV2m48yvtlfoW5hVcrVYrEcFc6uhhaHIRLLnBDg%3D%3D","environmentVariables":{"FIREBASE_CONFIG":"{\"projectId\":\"comocomo-test1\",\"databaseURL\":\"https://comocomo-test1.firebaseio.com\",\"storageBucket\":\"comocomo-test1.appspot.com\",\"locationId\":\"us-central\"}","GCLOUD_PROJECT":"comocomo-test1"},"runtime":"nodejs14"},"versionId":"1","updateTime":"2021-12-26T08:23:05Z","buildId":"13495a9a-8d3b-472d-a9a8-d9ed9fea1ad9","buildName":"projects/749585415781/locations/us-central1/builds/13495a9a-8d3b-472d-a9a8-d9ed9fea1ad9"}}
[debug] [2021-12-26T08:23:15.960Z] [create-us-central1-test-createGroup] Retrying task index 0
[debug] [2021-12-26T08:23:15.961Z] >>> [apiv2][query] GET https://cloudfunctions.googleapis.com/v1/operations/Y29tb2NvbW8tdGVzdDEvdXMtY2VudHJhbDEvdGVzdC1jcmVhdGVHcm91cC9BeUVRY0RQUGJqSQ [none]
[debug] [2021-12-26T08:23:16.495Z] <<< [apiv2][status] GET https://cloudfunctions.googleapis.com/v1/operations/Y29tb2NvbW8tdGVzdDEvdXMtY2VudHJhbDEvdGVzdC1jcmVhdGVHcm91cC9BeUVRY0RQUGJqSQ 200
[debug] [2021-12-26T08:23:16.495Z] <<< [apiv2][body] GET https://cloudfunctions.googleapis.com/v1/operations/Y29tb2NvbW8tdGVzdDEvdXMtY2VudHJhbDEvdGVzdC1jcmVhdGVHcm91cC9BeUVRY0RQUGJqSQ {"name":"operations/Y29tb2NvbW8tdGVzdDEvdXMtY2VudHJhbDEvdGVzdC1jcmVhdGVHcm91cC9BeUVRY0RQUGJqSQ","metadata":{"@type":"type.googleapis.com/google.cloud.functions.v1.OperationMetadataV1","target":"projects/comocomo-test1/locations/us-central1/functions/test-createGroup","type":"CREATE_FUNCTION","request":{"@type":"type.googleapis.com/google.cloud.functions.v1.CloudFunction","name":"projects/comocomo-test1/locations/us-central1/functions/test-createGroup","httpsTrigger":{},"entryPoint":"test.createGroup","labels":{"deployment-tool":"cli-firebase"},"sourceUploadUrl":"https://storage.googleapis.com/gcf-upload-us-central1-a3324d84-ce1d-44c6-a226-492de5787b3a/47dd7647-0c99-421f-83a6-bdc2ea58b77d.zip?GoogleAccessId=service-749585415781@gcf-admin-robot.iam.gserviceaccount.com&Expires=1640508781&Signature=LprC%2B4L5MYnLHPg9I8LnQdPNm6lpQDWpI4ElHnh5Khb05vZZNC1W3KYozmsh7bQoVEqUjzcowVGCrnslITjIb2TPIKtRkPF99yllOopU1T7SegRnP1jqs4PQi2HNbdcdWkwwCE3mDugbnLMLz7kNEIrAeA0BPBvhwDJatjkHzMPv9WFYvBmZTxiIenVFMk6ChtSp5jziWUSsZ0BLzTWjUIywdH9I72ubXXnm2nroPgn8tA8%2BF6po2V7IwRANTiyYcbc3eEUk%2FR2l7uZBzoAu6oKBJ3RbmiVdH7gMheuqc706iUubV2m48yvtlfoW5hVcrVYrEcFc6uhhaHIRLLnBDg%3D%3D","environmentVariables":{"FIREBASE_CONFIG":"{\"projectId\":\"comocomo-test1\",\"databaseURL\":\"https://comocomo-test1.firebaseio.com\",\"storageBucket\":\"comocomo-test1.appspot.com\",\"locationId\":\"us-central\"}","GCLOUD_PROJECT":"comocomo-test1"},"runtime":"nodejs14"},"versionId":"1","updateTime":"2021-12-26T08:23:05Z","buildId":"13495a9a-8d3b-472d-a9a8-d9ed9fea1ad9","buildName":"projects/749585415781/locations/us-central1/builds/13495a9a-8d3b-472d-a9a8-d9ed9fea1ad9"}}
[debug] [2021-12-26T08:23:24.499Z] [create-us-central1-test-createGroup] Retrying task index 0
[debug] [2021-12-26T08:23:24.499Z] >>> [apiv2][query] GET https://cloudfunctions.googleapis.com/v1/operations/Y29tb2NvbW8tdGVzdDEvdXMtY2VudHJhbDEvdGVzdC1jcmVhdGVHcm91cC9BeUVRY0RQUGJqSQ [none]
[debug] [2021-12-26T08:23:25.050Z] <<< [apiv2][status] GET https://cloudfunctions.googleapis.com/v1/operations/Y29tb2NvbW8tdGVzdDEvdXMtY2VudHJhbDEvdGVzdC1jcmVhdGVHcm91cC9BeUVRY0RQUGJqSQ 200
[debug] [2021-12-26T08:23:25.050Z] <<< [apiv2][body] GET https://cloudfunctions.googleapis.com/v1/operations/Y29tb2NvbW8tdGVzdDEvdXMtY2VudHJhbDEvdGVzdC1jcmVhdGVHcm91cC9BeUVRY0RQUGJqSQ {"name":"operations/Y29tb2NvbW8tdGVzdDEvdXMtY2VudHJhbDEvdGVzdC1jcmVhdGVHcm91cC9BeUVRY0RQUGJqSQ","metadata":{"@type":"type.googleapis.com/google.cloud.functions.v1.OperationMetadataV1","target":"projects/comocomo-test1/locations/us-central1/functions/test-createGroup","type":"CREATE_FUNCTION","request":{"@type":"type.googleapis.com/google.cloud.functions.v1.CloudFunction","name":"projects/comocomo-test1/locations/us-central1/functions/test-createGroup","httpsTrigger":{},"entryPoint":"test.createGroup","labels":{"deployment-tool":"cli-firebase"},"sourceUploadUrl":"https://storage.googleapis.com/gcf-upload-us-central1-a3324d84-ce1d-44c6-a226-492de5787b3a/47dd7647-0c99-421f-83a6-bdc2ea58b77d.zip?GoogleAccessId=service-749585415781@gcf-admin-robot.iam.gserviceaccount.com&Expires=1640508781&Signature=LprC%2B4L5MYnLHPg9I8LnQdPNm6lpQDWpI4ElHnh5Khb05vZZNC1W3KYozmsh7bQoVEqUjzcowVGCrnslITjIb2TPIKtRkPF99yllOopU1T7SegRnP1jqs4PQi2HNbdcdWkwwCE3mDugbnLMLz7kNEIrAeA0BPBvhwDJatjkHzMPv9WFYvBmZTxiIenVFMk6ChtSp5jziWUSsZ0BLzTWjUIywdH9I72ubXXnm2nroPgn8tA8%2BF6po2V7IwRANTiyYcbc3eEUk%2FR2l7uZBzoAu6oKBJ3RbmiVdH7gMheuqc706iUubV2m48yvtlfoW5hVcrVYrEcFc6uhhaHIRLLnBDg%3D%3D","environmentVariables":{"FIREBASE_CONFIG":"{\"projectId\":\"comocomo-test1\",\"databaseURL\":\"https://comocomo-test1.firebaseio.com\",\"storageBucket\":\"comocomo-test1.appspot.com\",\"locationId\":\"us-central\"}","GCLOUD_PROJECT":"comocomo-test1"},"runtime":"nodejs14"},"versionId":"1","updateTime":"2021-12-26T08:23:05Z","buildId":"13495a9a-8d3b-472d-a9a8-d9ed9fea1ad9","buildName":"projects/749585415781/locations/us-central1/builds/13495a9a-8d3b-472d-a9a8-d9ed9fea1ad9"}}
[debug] [2021-12-26T08:23:35.056Z] [create-us-central1-test-createGroup] Retrying task index 0
[debug] [2021-12-26T08:23:35.056Z] >>> [apiv2][query] GET https://cloudfunctions.googleapis.com/v1/operations/Y29tb2NvbW8tdGVzdDEvdXMtY2VudHJhbDEvdGVzdC1jcmVhdGVHcm91cC9BeUVRY0RQUGJqSQ [none]
[debug] [2021-12-26T08:23:35.663Z] <<< [apiv2][status] GET https://cloudfunctions.googleapis.com/v1/operations/Y29tb2NvbW8tdGVzdDEvdXMtY2VudHJhbDEvdGVzdC1jcmVhdGVHcm91cC9BeUVRY0RQUGJqSQ 200
[debug] [2021-12-26T08:23:35.663Z] <<< [apiv2][body] GET https://cloudfunctions.googleapis.com/v1/operations/Y29tb2NvbW8tdGVzdDEvdXMtY2VudHJhbDEvdGVzdC1jcmVhdGVHcm91cC9BeUVRY0RQUGJqSQ {"name":"operations/Y29tb2NvbW8tdGVzdDEvdXMtY2VudHJhbDEvdGVzdC1jcmVhdGVHcm91cC9BeUVRY0RQUGJqSQ","metadata":{"@type":"type.googleapis.com/google.cloud.functions.v1.OperationMetadataV1","target":"projects/comocomo-test1/locations/us-central1/functions/test-createGroup","type":"CREATE_FUNCTION","request":{"@type":"type.googleapis.com/google.cloud.functions.v1.CloudFunction","name":"projects/comocomo-test1/locations/us-central1/functions/test-createGroup","httpsTrigger":{},"entryPoint":"test.createGroup","labels":{"deployment-tool":"cli-firebase"},"sourceUploadUrl":"https://storage.googleapis.com/gcf-upload-us-central1-a3324d84-ce1d-44c6-a226-492de5787b3a/47dd7647-0c99-421f-83a6-bdc2ea58b77d.zip?GoogleAccessId=service-749585415781@gcf-admin-robot.iam.gserviceaccount.com&Expires=1640508781&Signature=LprC%2B4L5MYnLHPg9I8LnQdPNm6lpQDWpI4ElHnh5Khb05vZZNC1W3KYozmsh7bQoVEqUjzcowVGCrnslITjIb2TPIKtRkPF99yllOopU1T7SegRnP1jqs4PQi2HNbdcdWkwwCE3mDugbnLMLz7kNEIrAeA0BPBvhwDJatjkHzMPv9WFYvBmZTxiIenVFMk6ChtSp5jziWUSsZ0BLzTWjUIywdH9I72ubXXnm2nroPgn8tA8%2BF6po2V7IwRANTiyYcbc3eEUk%2FR2l7uZBzoAu6oKBJ3RbmiVdH7gMheuqc706iUubV2m48yvtlfoW5hVcrVYrEcFc6uhhaHIRLLnBDg%3D%3D","environmentVariables":{"FIREBASE_CONFIG":"{\"projectId\":\"comocomo-test1\",\"databaseURL\":\"https://comocomo-test1.firebaseio.com\",\"storageBucket\":\"comocomo-test1.appspot.com\",\"locationId\":\"us-central\"}","GCLOUD_PROJECT":"comocomo-test1"},"runtime":"nodejs14"},"versionId":"1","updateTime":"2021-12-26T08:23:05Z","buildId":"13495a9a-8d3b-472d-a9a8-d9ed9fea1ad9","buildName":"projects/749585415781/locations/us-central1/builds/13495a9a-8d3b-472d-a9a8-d9ed9fea1ad9"}}
[debug] [2021-12-26T08:23:45.667Z] [create-us-central1-test-createGroup] Retrying task index 0
[debug] [2021-12-26T08:23:45.667Z] >>> [apiv2][query] GET https://cloudfunctions.googleapis.com/v1/operations/Y29tb2NvbW8tdGVzdDEvdXMtY2VudHJhbDEvdGVzdC1jcmVhdGVHcm91cC9BeUVRY0RQUGJqSQ [none]
[debug] [2021-12-26T08:23:46.513Z] <<< [apiv2][status] GET https://cloudfunctions.googleapis.com/v1/operations/Y29tb2NvbW8tdGVzdDEvdXMtY2VudHJhbDEvdGVzdC1jcmVhdGVHcm91cC9BeUVRY0RQUGJqSQ 200
[debug] [2021-12-26T08:23:46.514Z] <<< [apiv2][body] GET https://cloudfunctions.googleapis.com/v1/operations/Y29tb2NvbW8tdGVzdDEvdXMtY2VudHJhbDEvdGVzdC1jcmVhdGVHcm91cC9BeUVRY0RQUGJqSQ {"name":"operations/Y29tb2NvbW8tdGVzdDEvdXMtY2VudHJhbDEvdGVzdC1jcmVhdGVHcm91cC9BeUVRY0RQUGJqSQ","metadata":{"@type":"type.googleapis.com/google.cloud.functions.v1.OperationMetadataV1","target":"projects/comocomo-test1/locations/us-central1/functions/test-createGroup","type":"CREATE_FUNCTION","request":{"@type":"type.googleapis.com/google.cloud.functions.v1.CloudFunction","name":"projects/comocomo-test1/locations/us-central1/functions/test-createGroup","httpsTrigger":{},"entryPoint":"test.createGroup","labels":{"deployment-tool":"cli-firebase"},"sourceUploadUrl":"https://storage.googleapis.com/gcf-upload-us-central1-a3324d84-ce1d-44c6-a226-492de5787b3a/47dd7647-0c99-421f-83a6-bdc2ea58b77d.zip?GoogleAccessId=service-749585415781@gcf-admin-robot.iam.gserviceaccount.com&Expires=1640508781&Signature=LprC%2B4L5MYnLHPg9I8LnQdPNm6lpQDWpI4ElHnh5Khb05vZZNC1W3KYozmsh7bQoVEqUjzcowVGCrnslITjIb2TPIKtRkPF99yllOopU1T7SegRnP1jqs4PQi2HNbdcdWkwwCE3mDugbnLMLz7kNEIrAeA0BPBvhwDJatjkHzMPv9WFYvBmZTxiIenVFMk6ChtSp5jziWUSsZ0BLzTWjUIywdH9I72ubXXnm2nroPgn8tA8%2BF6po2V7IwRANTiyYcbc3eEUk%2FR2l7uZBzoAu6oKBJ3RbmiVdH7gMheuqc706iUubV2m48yvtlfoW5hVcrVYrEcFc6uhhaHIRLLnBDg%3D%3D","environmentVariables":{"FIREBASE_CONFIG":"{\"projectId\":\"comocomo-test1\",\"databaseURL\":\"https://comocomo-test1.firebaseio.com\",\"storageBucket\":\"comocomo-test1.appspot.com\",\"locationId\":\"us-central\"}","GCLOUD_PROJECT":"comocomo-test1"},"runtime":"nodejs14"},"versionId":"1","updateTime":"2021-12-26T08:23:05Z","buildId":"13495a9a-8d3b-472d-a9a8-d9ed9fea1ad9","buildName":"projects/749585415781/locations/us-central1/builds/13495a9a-8d3b-472d-a9a8-d9ed9fea1ad9"}}
[debug] [2021-12-26T08:23:56.509Z] [create-us-central1-test-createGroup] Retrying task index 0
[debug] [2021-12-26T08:23:56.510Z] >>> [apiv2][query] GET https://cloudfunctions.googleapis.com/v1/operations/Y29tb2NvbW8tdGVzdDEvdXMtY2VudHJhbDEvdGVzdC1jcmVhdGVHcm91cC9BeUVRY0RQUGJqSQ [none]
[debug] [2021-12-26T08:23:56.869Z] <<< [apiv2][status] GET https://cloudfunctions.googleapis.com/v1/operations/Y29tb2NvbW8tdGVzdDEvdXMtY2VudHJhbDEvdGVzdC1jcmVhdGVHcm91cC9BeUVRY0RQUGJqSQ 200
[debug] [2021-12-26T08:23:56.869Z] <<< [apiv2][body] GET https://cloudfunctions.googleapis.com/v1/operations/Y29tb2NvbW8tdGVzdDEvdXMtY2VudHJhbDEvdGVzdC1jcmVhdGVHcm91cC9BeUVRY0RQUGJqSQ {"name":"operations/Y29tb2NvbW8tdGVzdDEvdXMtY2VudHJhbDEvdGVzdC1jcmVhdGVHcm91cC9BeUVRY0RQUGJqSQ","metadata":{"@type":"type.googleapis.com/google.cloud.functions.v1.OperationMetadataV1","target":"projects/comocomo-test1/locations/us-central1/functions/test-createGroup","type":"CREATE_FUNCTION","request":{"@type":"type.googleapis.com/google.cloud.functions.v1.CloudFunction","name":"projects/comocomo-test1/locations/us-central1/functions/test-createGroup","httpsTrigger":{},"entryPoint":"test.createGroup","labels":{"deployment-tool":"cli-firebase"},"sourceUploadUrl":"https://storage.googleapis.com/gcf-upload-us-central1-a3324d84-ce1d-44c6-a226-492de5787b3a/47dd7647-0c99-421f-83a6-bdc2ea58b77d.zip?GoogleAccessId=service-749585415781@gcf-admin-robot.iam.gserviceaccount.com&Expires=1640508781&Signature=LprC%2B4L5MYnLHPg9I8LnQdPNm6lpQDWpI4ElHnh5Khb05vZZNC1W3KYozmsh7bQoVEqUjzcowVGCrnslITjIb2TPIKtRkPF99yllOopU1T7SegRnP1jqs4PQi2HNbdcdWkwwCE3mDugbnLMLz7kNEIrAeA0BPBvhwDJatjkHzMPv9WFYvBmZTxiIenVFMk6ChtSp5jziWUSsZ0BLzTWjUIywdH9I72ubXXnm2nroPgn8tA8%2BF6po2V7IwRANTiyYcbc3eEUk%2FR2l7uZBzoAu6oKBJ3RbmiVdH7gMheuqc706iUubV2m48yvtlfoW5hVcrVYrEcFc6uhhaHIRLLnBDg%3D%3D","environmentVariables":{"FIREBASE_CONFIG":"{\"projectId\":\"comocomo-test1\",\"databaseURL\":\"https://comocomo-test1.firebaseio.com\",\"storageBucket\":\"comocomo-test1.appspot.com\",\"locationId\":\"us-central\"}","GCLOUD_PROJECT":"comocomo-test1"},"runtime":"nodejs14"},"versionId":"1","updateTime":"2021-12-26T08:23:05Z","buildId":"13495a9a-8d3b-472d-a9a8-d9ed9fea1ad9","sourceToken":"56d80994-f9e0-499d-860a-b27b76316fb7","buildName":"projects/749585415781/locations/us-central1/builds/13495a9a-8d3b-472d-a9a8-d9ed9fea1ad9"}}
[debug] [2021-12-26T08:23:56.869Z] Got source token 56d80994-f9e0-499d-860a-b27b76316fb7 for region us-central1
[debug] [2021-12-26T08:23:56.870Z] > refreshing access token with scopes: ["email","https://www.googleapis.com/auth/cloud-platform","https://www.googleapis.com/auth/cloudplatformprojects.readonly","https://www.googleapis.com/auth/firebase","openid"]
[debug] [2021-12-26T08:23:56.870Z] >>> HTTP REQUEST POST https://www.googleapis.com/oauth2/v3/token  
 <request body omitted>
[debug] [2021-12-26T08:23:56.870Z] > refreshing access token with scopes: ["email","https://www.googleapis.com/auth/cloud-platform","https://www.googleapis.com/auth/cloudplatformprojects.readonly","https://www.googleapis.com/auth/firebase","openid"]
[debug] [2021-12-26T08:23:56.871Z] >>> HTTP REQUEST POST https://www.googleapis.com/oauth2/v3/token  
 <request body omitted>
[debug] [2021-12-26T08:23:57.059Z] <<< HTTP RESPONSE 200 {"cache-control":"no-cache, no-store, max-age=0, must-revalidate","date":"Sun, 26 Dec 2021 08:23:57 GMT","expires":"Mon, 01 Jan 1990 00:00:00 GMT","pragma":"no-cache","content-type":"application/json; charset=utf-8","vary":"X-Origin, Referer, Origin,Accept-Encoding","server":"scaffolding on HTTPServer2","x-xss-protection":"0","x-frame-options":"SAMEORIGIN","x-content-type-options":"nosniff","alt-svc":"h3=\":443\"; ma=2592000,h3-29=\":443\"; ma=2592000,h3-Q050=\":443\"; ma=2592000,h3-Q046=\":443\"; ma=2592000,h3-Q043=\":443\"; ma=2592000,quic=\":443\"; ma=2592000; v=\"46,43\"","accept-ranges":"none","transfer-encoding":"chunked"}
[debug] [2021-12-26T08:23:57.119Z] >>> HTTP REQUEST POST https://cloudfunctions.googleapis.com/v1/projects/comocomo-test1/locations/us-central1/functions  
 {"name":"projects/comocomo-test1/locations/us-central1/functions/test-addUser","sourceUploadUrl":"https://storage.googleapis.com/gcf-upload-us-central1-a3324d84-ce1d-44c6-a226-492de5787b3a/47dd7647-0c99-421f-83a6-bdc2ea58b77d.zip?GoogleAccessId=service-749585415781@gcf-admin-robot.iam.gserviceaccount.com&Expires=1640508781&Signature=LprC%2B4L5MYnLHPg9I8LnQdPNm6lpQDWpI4ElHnh5Khb05vZZNC1W3KYozmsh7bQoVEqUjzcowVGCrnslITjIb2TPIKtRkPF99yllOopU1T7SegRnP1jqs4PQi2HNbdcdWkwwCE3mDugbnLMLz7kNEIrAeA0BPBvhwDJatjkHzMPv9WFYvBmZTxiIenVFMk6ChtSp5jziWUSsZ0BLzTWjUIywdH9I72ubXXnm2nroPgn8tA8%2BF6po2V7IwRANTiyYcbc3eEUk%2FR2l7uZBzoAu6oKBJ3RbmiVdH7gMheuqc706iUubV2m48yvtlfoW5hVcrVYrEcFc6uhhaHIRLLnBDg%3D%3D","entryPoint":"test.addUser","runtime":"nodejs14","labels":{"deployment-tool":"cli-firebase"},"httpsTrigger":{},"environmentVariables":{"FIREBASE_CONFIG":"{\"projectId\":\"comocomo-test1\",\"databaseURL\":\"https://comocomo-test1.firebaseio.com\",\"storageBucket\":\"comocomo-test1.appspot.com\",\"locationId\":\"us-central\"}","GCLOUD_PROJECT":"comocomo-test1"},"sourceToken":"56d80994-f9e0-499d-860a-b27b76316fb7"}
[debug] [2021-12-26T08:23:57.122Z] <<< HTTP RESPONSE 200 {"date":"Sun, 26 Dec 2021 08:23:57 GMT","cache-control":"no-cache, no-store, max-age=0, must-revalidate","expires":"Mon, 01 Jan 1990 00:00:00 GMT","pragma":"no-cache","content-type":"application/json; charset=utf-8","vary":"X-Origin, Referer, Origin,Accept-Encoding","server":"scaffolding on HTTPServer2","x-xss-protection":"0","x-frame-options":"SAMEORIGIN","x-content-type-options":"nosniff","alt-svc":"h3=\":443\"; ma=2592000,h3-29=\":443\"; ma=2592000,h3-Q050=\":443\"; ma=2592000,h3-Q046=\":443\"; ma=2592000,h3-Q043=\":443\"; ma=2592000,quic=\":443\"; ma=2592000; v=\"46,43\"","accept-ranges":"none","transfer-encoding":"chunked"}
[debug] [2021-12-26T08:23:57.182Z] >>> HTTP REQUEST POST https://cloudfunctions.googleapis.com/v1/projects/comocomo-test1/locations/us-central1/functions  
 {"name":"projects/comocomo-test1/locations/us-central1/functions/test-addPet","sourceUploadUrl":"https://storage.googleapis.com/gcf-upload-us-central1-a3324d84-ce1d-44c6-a226-492de5787b3a/47dd7647-0c99-421f-83a6-bdc2ea58b77d.zip?GoogleAccessId=service-749585415781@gcf-admin-robot.iam.gserviceaccount.com&Expires=1640508781&Signature=LprC%2B4L5MYnLHPg9I8LnQdPNm6lpQDWpI4ElHnh5Khb05vZZNC1W3KYozmsh7bQoVEqUjzcowVGCrnslITjIb2TPIKtRkPF99yllOopU1T7SegRnP1jqs4PQi2HNbdcdWkwwCE3mDugbnLMLz7kNEIrAeA0BPBvhwDJatjkHzMPv9WFYvBmZTxiIenVFMk6ChtSp5jziWUSsZ0BLzTWjUIywdH9I72ubXXnm2nroPgn8tA8%2BF6po2V7IwRANTiyYcbc3eEUk%2FR2l7uZBzoAu6oKBJ3RbmiVdH7gMheuqc706iUubV2m48yvtlfoW5hVcrVYrEcFc6uhhaHIRLLnBDg%3D%3D","entryPoint":"test.addPet","runtime":"nodejs14","labels":{"deployment-tool":"cli-firebase"},"httpsTrigger":{},"environmentVariables":{"FIREBASE_CONFIG":"{\"projectId\":\"comocomo-test1\",\"databaseURL\":\"https://comocomo-test1.firebaseio.com\",\"storageBucket\":\"comocomo-test1.appspot.com\",\"locationId\":\"us-central\"}","GCLOUD_PROJECT":"comocomo-test1"},"sourceToken":"56d80994-f9e0-499d-860a-b27b76316fb7"}
[debug] [2021-12-26T08:23:57.758Z] <<< HTTP RESPONSE 200 {"content-type":"application/json; charset=UTF-8","vary":"X-Origin, Referer, Origin,Accept-Encoding","date":"Sun, 26 Dec 2021 08:23:57 GMT","server":"ESF","cache-control":"private","x-xss-protection":"0","x-frame-options":"SAMEORIGIN","x-content-type-options":"nosniff","alt-svc":"h3=\":443\"; ma=2592000,h3-29=\":443\"; ma=2592000,h3-Q050=\":443\"; ma=2592000,h3-Q046=\":443\"; ma=2592000,h3-Q043=\":443\"; ma=2592000,quic=\":443\"; ma=2592000; v=\"46,43\"","accept-ranges":"none","transfer-encoding":"chunked"}
[debug] [2021-12-26T08:23:57.758Z] > refreshing access token with scopes: []
[debug] [2021-12-26T08:23:57.759Z] >>> HTTP REQUEST POST https://www.googleapis.com/oauth2/v3/token  
 <request body omitted>
[debug] [2021-12-26T08:23:57.959Z] <<< HTTP RESPONSE 200 {"expires":"Mon, 01 Jan 1990 00:00:00 GMT","pragma":"no-cache","date":"Sun, 26 Dec 2021 08:23:57 GMT","cache-control":"no-cache, no-store, max-age=0, must-revalidate","content-type":"application/json; charset=utf-8","vary":"X-Origin, Referer, Origin,Accept-Encoding","server":"scaffolding on HTTPServer2","x-xss-protection":"0","x-frame-options":"SAMEORIGIN","x-content-type-options":"nosniff","alt-svc":"h3=\":443\"; ma=2592000,h3-29=\":443\"; ma=2592000,h3-Q050=\":443\"; ma=2592000,h3-Q046=\":443\"; ma=2592000,h3-Q043=\":443\"; ma=2592000,quic=\":443\"; ma=2592000; v=\"46,43\"","accept-ranges":"none","transfer-encoding":"chunked"}
[debug] [2021-12-26T08:23:58.020Z] >>> [apiv2][query] GET https://cloudfunctions.googleapis.com/v1/operations/Y29tb2NvbW8tdGVzdDEvdXMtY2VudHJhbDEvdGVzdC1hZGRVc2VyLzZDbHpRNUFnbk1z [none]
[debug] [2021-12-26T08:23:58.022Z] <<< HTTP RESPONSE 200 {"content-type":"application/json; charset=UTF-8","vary":"X-Origin, Referer, Origin,Accept-Encoding","date":"Sun, 26 Dec 2021 08:23:57 GMT","server":"ESF","cache-control":"private","x-xss-protection":"0","x-frame-options":"SAMEORIGIN","x-content-type-options":"nosniff","alt-svc":"h3=\":443\"; ma=2592000,h3-29=\":443\"; ma=2592000,h3-Q050=\":443\"; ma=2592000,h3-Q046=\":443\"; ma=2592000,h3-Q043=\":443\"; ma=2592000,quic=\":443\"; ma=2592000; v=\"46,43\"","accept-ranges":"none","transfer-encoding":"chunked"}
[debug] [2021-12-26T08:23:58.023Z] >>> [apiv2][query] GET https://cloudfunctions.googleapis.com/v1/operations/Y29tb2NvbW8tdGVzdDEvdXMtY2VudHJhbDEvdGVzdC1hZGRQZXQvV3RwZUItc0NGUzA [none]
[debug] [2021-12-26T08:23:58.501Z] <<< [apiv2][status] GET https://cloudfunctions.googleapis.com/v1/operations/Y29tb2NvbW8tdGVzdDEvdXMtY2VudHJhbDEvdGVzdC1hZGRQZXQvV3RwZUItc0NGUzA 200
[debug] [2021-12-26T08:23:58.501Z] <<< [apiv2][body] GET https://cloudfunctions.googleapis.com/v1/operations/Y29tb2NvbW8tdGVzdDEvdXMtY2VudHJhbDEvdGVzdC1hZGRQZXQvV3RwZUItc0NGUzA {"name":"operations/Y29tb2NvbW8tdGVzdDEvdXMtY2VudHJhbDEvdGVzdC1hZGRQZXQvV3RwZUItc0NGUzA","metadata":{"@type":"type.googleapis.com/google.cloud.functions.v1.OperationMetadataV1","target":"projects/comocomo-test1/locations/us-central1/functions/test-addPet","type":"CREATE_FUNCTION","request":{"@type":"type.googleapis.com/google.cloud.functions.v1.CloudFunction","name":"projects/comocomo-test1/locations/us-central1/functions/test-addPet","httpsTrigger":{},"entryPoint":"test.addPet","labels":{"deployment-tool":"cli-firebase"},"sourceUploadUrl":"https://storage.googleapis.com/gcf-upload-us-central1-a3324d84-ce1d-44c6-a226-492de5787b3a/47dd7647-0c99-421f-83a6-bdc2ea58b77d.zip?GoogleAccessId=service-749585415781@gcf-admin-robot.iam.gserviceaccount.com&Expires=1640508781&Signature=LprC%2B4L5MYnLHPg9I8LnQdPNm6lpQDWpI4ElHnh5Khb05vZZNC1W3KYozmsh7bQoVEqUjzcowVGCrnslITjIb2TPIKtRkPF99yllOopU1T7SegRnP1jqs4PQi2HNbdcdWkwwCE3mDugbnLMLz7kNEIrAeA0BPBvhwDJatjkHzMPv9WFYvBmZTxiIenVFMk6ChtSp5jziWUSsZ0BLzTWjUIywdH9I72ubXXnm2nroPgn8tA8%2BF6po2V7IwRANTiyYcbc3eEUk%2FR2l7uZBzoAu6oKBJ3RbmiVdH7gMheuqc706iUubV2m48yvtlfoW5hVcrVYrEcFc6uhhaHIRLLnBDg%3D%3D","environmentVariables":{"FIREBASE_CONFIG":"{\"projectId\":\"comocomo-test1\",\"databaseURL\":\"https://comocomo-test1.firebaseio.com\",\"storageBucket\":\"comocomo-test1.appspot.com\",\"locationId\":\"us-central\"}","GCLOUD_PROJECT":"comocomo-test1"},"runtime":"nodejs14","sourceToken":"56d80994-f9e0-499d-860a-b27b76316fb7"},"versionId":"1","updateTime":"2021-12-26T08:23:57Z","sourceToken":"56d80994-f9e0-499d-860a-b27b76316fb7"}}
[debug] [2021-12-26T08:23:58.501Z] Got source token 56d80994-f9e0-499d-860a-b27b76316fb7 for region us-central1
[debug] [2021-12-26T08:23:58.571Z] <<< [apiv2][status] GET https://cloudfunctions.googleapis.com/v1/operations/Y29tb2NvbW8tdGVzdDEvdXMtY2VudHJhbDEvdGVzdC1hZGRVc2VyLzZDbHpRNUFnbk1z 200
[debug] [2021-12-26T08:23:58.571Z] <<< [apiv2][body] GET https://cloudfunctions.googleapis.com/v1/operations/Y29tb2NvbW8tdGVzdDEvdXMtY2VudHJhbDEvdGVzdC1hZGRVc2VyLzZDbHpRNUFnbk1z {"name":"operations/Y29tb2NvbW8tdGVzdDEvdXMtY2VudHJhbDEvdGVzdC1hZGRVc2VyLzZDbHpRNUFnbk1z","metadata":{"@type":"type.googleapis.com/google.cloud.functions.v1.OperationMetadataV1","target":"projects/comocomo-test1/locations/us-central1/functions/test-addUser","type":"CREATE_FUNCTION","request":{"@type":"type.googleapis.com/google.cloud.functions.v1.CloudFunction","name":"projects/comocomo-test1/locations/us-central1/functions/test-addUser","httpsTrigger":{},"entryPoint":"test.addUser","labels":{"deployment-tool":"cli-firebase"},"sourceUploadUrl":"https://storage.googleapis.com/gcf-upload-us-central1-a3324d84-ce1d-44c6-a226-492de5787b3a/47dd7647-0c99-421f-83a6-bdc2ea58b77d.zip?GoogleAccessId=service-749585415781@gcf-admin-robot.iam.gserviceaccount.com&Expires=1640508781&Signature=LprC%2B4L5MYnLHPg9I8LnQdPNm6lpQDWpI4ElHnh5Khb05vZZNC1W3KYozmsh7bQoVEqUjzcowVGCrnslITjIb2TPIKtRkPF99yllOopU1T7SegRnP1jqs4PQi2HNbdcdWkwwCE3mDugbnLMLz7kNEIrAeA0BPBvhwDJatjkHzMPv9WFYvBmZTxiIenVFMk6ChtSp5jziWUSsZ0BLzTWjUIywdH9I72ubXXnm2nroPgn8tA8%2BF6po2V7IwRANTiyYcbc3eEUk%2FR2l7uZBzoAu6oKBJ3RbmiVdH7gMheuqc706iUubV2m48yvtlfoW5hVcrVYrEcFc6uhhaHIRLLnBDg%3D%3D","environmentVariables":{"FIREBASE_CONFIG":"{\"projectId\":\"comocomo-test1\",\"databaseURL\":\"https://comocomo-test1.firebaseio.com\",\"storageBucket\":\"comocomo-test1.appspot.com\",\"locationId\":\"us-central\"}","GCLOUD_PROJECT":"comocomo-test1"},"runtime":"nodejs14","sourceToken":"56d80994-f9e0-499d-860a-b27b76316fb7"},"versionId":"1","updateTime":"2021-12-26T08:23:57Z","sourceToken":"56d80994-f9e0-499d-860a-b27b76316fb7"}}
[debug] [2021-12-26T08:23:58.571Z] Got source token 56d80994-f9e0-499d-860a-b27b76316fb7 for region us-central1
[debug] [2021-12-26T08:23:59.003Z] [create-us-central1-test-addPet] Retrying task index 0
[debug] [2021-12-26T08:23:59.004Z] >>> [apiv2][query] GET https://cloudfunctions.googleapis.com/v1/operations/Y29tb2NvbW8tdGVzdDEvdXMtY2VudHJhbDEvdGVzdC1hZGRQZXQvV3RwZUItc0NGUzA [none]
[debug] [2021-12-26T08:23:59.081Z] [create-us-central1-test-addUser] Retrying task index 0
[debug] [2021-12-26T08:23:59.081Z] >>> [apiv2][query] GET https://cloudfunctions.googleapis.com/v1/operations/Y29tb2NvbW8tdGVzdDEvdXMtY2VudHJhbDEvdGVzdC1hZGRVc2VyLzZDbHpRNUFnbk1z [none]
[debug] [2021-12-26T08:23:59.486Z] <<< [apiv2][status] GET https://cloudfunctions.googleapis.com/v1/operations/Y29tb2NvbW8tdGVzdDEvdXMtY2VudHJhbDEvdGVzdC1hZGRQZXQvV3RwZUItc0NGUzA 200
[debug] [2021-12-26T08:23:59.486Z] <<< [apiv2][body] GET https://cloudfunctions.googleapis.com/v1/operations/Y29tb2NvbW8tdGVzdDEvdXMtY2VudHJhbDEvdGVzdC1hZGRQZXQvV3RwZUItc0NGUzA {"name":"operations/Y29tb2NvbW8tdGVzdDEvdXMtY2VudHJhbDEvdGVzdC1hZGRQZXQvV3RwZUItc0NGUzA","metadata":{"@type":"type.googleapis.com/google.cloud.functions.v1.OperationMetadataV1","target":"projects/comocomo-test1/locations/us-central1/functions/test-addPet","type":"CREATE_FUNCTION","request":{"@type":"type.googleapis.com/google.cloud.functions.v1.CloudFunction","name":"projects/comocomo-test1/locations/us-central1/functions/test-addPet","httpsTrigger":{},"entryPoint":"test.addPet","labels":{"deployment-tool":"cli-firebase"},"sourceUploadUrl":"https://storage.googleapis.com/gcf-upload-us-central1-a3324d84-ce1d-44c6-a226-492de5787b3a/47dd7647-0c99-421f-83a6-bdc2ea58b77d.zip?GoogleAccessId=service-749585415781@gcf-admin-robot.iam.gserviceaccount.com&Expires=1640508781&Signature=LprC%2B4L5MYnLHPg9I8LnQdPNm6lpQDWpI4ElHnh5Khb05vZZNC1W3KYozmsh7bQoVEqUjzcowVGCrnslITjIb2TPIKtRkPF99yllOopU1T7SegRnP1jqs4PQi2HNbdcdWkwwCE3mDugbnLMLz7kNEIrAeA0BPBvhwDJatjkHzMPv9WFYvBmZTxiIenVFMk6ChtSp5jziWUSsZ0BLzTWjUIywdH9I72ubXXnm2nroPgn8tA8%2BF6po2V7IwRANTiyYcbc3eEUk%2FR2l7uZBzoAu6oKBJ3RbmiVdH7gMheuqc706iUubV2m48yvtlfoW5hVcrVYrEcFc6uhhaHIRLLnBDg%3D%3D","environmentVariables":{"FIREBASE_CONFIG":"{\"projectId\":\"comocomo-test1\",\"databaseURL\":\"https://comocomo-test1.firebaseio.com\",\"storageBucket\":\"comocomo-test1.appspot.com\",\"locationId\":\"us-central\"}","GCLOUD_PROJECT":"comocomo-test1"},"runtime":"nodejs14","sourceToken":"56d80994-f9e0-499d-860a-b27b76316fb7"},"versionId":"1","updateTime":"2021-12-26T08:23:57Z","sourceToken":"56d80994-f9e0-499d-860a-b27b76316fb7"}}
[debug] [2021-12-26T08:23:59.486Z] Got source token 56d80994-f9e0-499d-860a-b27b76316fb7 for region us-central1
[debug] [2021-12-26T08:23:59.722Z] <<< [apiv2][status] GET https://cloudfunctions.googleapis.com/v1/operations/Y29tb2NvbW8tdGVzdDEvdXMtY2VudHJhbDEvdGVzdC1hZGRVc2VyLzZDbHpRNUFnbk1z 200
[debug] [2021-12-26T08:23:59.722Z] <<< [apiv2][body] GET https://cloudfunctions.googleapis.com/v1/operations/Y29tb2NvbW8tdGVzdDEvdXMtY2VudHJhbDEvdGVzdC1hZGRVc2VyLzZDbHpRNUFnbk1z {"name":"operations/Y29tb2NvbW8tdGVzdDEvdXMtY2VudHJhbDEvdGVzdC1hZGRVc2VyLzZDbHpRNUFnbk1z","metadata":{"@type":"type.googleapis.com/google.cloud.functions.v1.OperationMetadataV1","target":"projects/comocomo-test1/locations/us-central1/functions/test-addUser","type":"CREATE_FUNCTION","request":{"@type":"type.googleapis.com/google.cloud.functions.v1.CloudFunction","name":"projects/comocomo-test1/locations/us-central1/functions/test-addUser","httpsTrigger":{},"entryPoint":"test.addUser","labels":{"deployment-tool":"cli-firebase"},"sourceUploadUrl":"https://storage.googleapis.com/gcf-upload-us-central1-a3324d84-ce1d-44c6-a226-492de5787b3a/47dd7647-0c99-421f-83a6-bdc2ea58b77d.zip?GoogleAccessId=service-749585415781@gcf-admin-robot.iam.gserviceaccount.com&Expires=1640508781&Signature=LprC%2B4L5MYnLHPg9I8LnQdPNm6lpQDWpI4ElHnh5Khb05vZZNC1W3KYozmsh7bQoVEqUjzcowVGCrnslITjIb2TPIKtRkPF99yllOopU1T7SegRnP1jqs4PQi2HNbdcdWkwwCE3mDugbnLMLz7kNEIrAeA0BPBvhwDJatjkHzMPv9WFYvBmZTxiIenVFMk6ChtSp5jziWUSsZ0BLzTWjUIywdH9I72ubXXnm2nroPgn8tA8%2BF6po2V7IwRANTiyYcbc3eEUk%2FR2l7uZBzoAu6oKBJ3RbmiVdH7gMheuqc706iUubV2m48yvtlfoW5hVcrVYrEcFc6uhhaHIRLLnBDg%3D%3D","environmentVariables":{"FIREBASE_CONFIG":"{\"projectId\":\"comocomo-test1\",\"databaseURL\":\"https://comocomo-test1.firebaseio.com\",\"storageBucket\":\"comocomo-test1.appspot.com\",\"locationId\":\"us-central\"}","GCLOUD_PROJECT":"comocomo-test1"},"runtime":"nodejs14","sourceToken":"56d80994-f9e0-499d-860a-b27b76316fb7"},"versionId":"1","updateTime":"2021-12-26T08:23:57Z","buildId":"13495a9a-8d3b-472d-a9a8-d9ed9fea1ad9","sourceToken":"56d80994-f9e0-499d-860a-b27b76316fb7","buildName":"projects/749585415781/locations/us-central1/builds/13495a9a-8d3b-472d-a9a8-d9ed9fea1ad9"}}
[debug] [2021-12-26T08:23:59.722Z] Got source token 56d80994-f9e0-499d-860a-b27b76316fb7 for region us-central1
[debug] [2021-12-26T08:24:00.491Z] [create-us-central1-test-addPet] Retrying task index 0
[debug] [2021-12-26T08:24:00.491Z] >>> [apiv2][query] GET https://cloudfunctions.googleapis.com/v1/operations/Y29tb2NvbW8tdGVzdDEvdXMtY2VudHJhbDEvdGVzdC1hZGRQZXQvV3RwZUItc0NGUzA [none]
[debug] [2021-12-26T08:24:00.730Z] [create-us-central1-test-addUser] Retrying task index 0
[debug] [2021-12-26T08:24:00.731Z] >>> [apiv2][query] GET https://cloudfunctions.googleapis.com/v1/operations/Y29tb2NvbW8tdGVzdDEvdXMtY2VudHJhbDEvdGVzdC1hZGRVc2VyLzZDbHpRNUFnbk1z [none]
[debug] [2021-12-26T08:24:01.078Z] <<< [apiv2][status] GET https://cloudfunctions.googleapis.com/v1/operations/Y29tb2NvbW8tdGVzdDEvdXMtY2VudHJhbDEvdGVzdC1hZGRQZXQvV3RwZUItc0NGUzA 200
[debug] [2021-12-26T08:24:01.078Z] <<< [apiv2][body] GET https://cloudfunctions.googleapis.com/v1/operations/Y29tb2NvbW8tdGVzdDEvdXMtY2VudHJhbDEvdGVzdC1hZGRQZXQvV3RwZUItc0NGUzA {"name":"operations/Y29tb2NvbW8tdGVzdDEvdXMtY2VudHJhbDEvdGVzdC1hZGRQZXQvV3RwZUItc0NGUzA","metadata":{"@type":"type.googleapis.com/google.cloud.functions.v1.OperationMetadataV1","target":"projects/comocomo-test1/locations/us-central1/functions/test-addPet","type":"CREATE_FUNCTION","request":{"@type":"type.googleapis.com/google.cloud.functions.v1.CloudFunction","name":"projects/comocomo-test1/locations/us-central1/functions/test-addPet","httpsTrigger":{},"entryPoint":"test.addPet","labels":{"deployment-tool":"cli-firebase"},"sourceUploadUrl":"https://storage.googleapis.com/gcf-upload-us-central1-a3324d84-ce1d-44c6-a226-492de5787b3a/47dd7647-0c99-421f-83a6-bdc2ea58b77d.zip?GoogleAccessId=service-749585415781@gcf-admin-robot.iam.gserviceaccount.com&Expires=1640508781&Signature=LprC%2B4L5MYnLHPg9I8LnQdPNm6lpQDWpI4ElHnh5Khb05vZZNC1W3KYozmsh7bQoVEqUjzcowVGCrnslITjIb2TPIKtRkPF99yllOopU1T7SegRnP1jqs4PQi2HNbdcdWkwwCE3mDugbnLMLz7kNEIrAeA0BPBvhwDJatjkHzMPv9WFYvBmZTxiIenVFMk6ChtSp5jziWUSsZ0BLzTWjUIywdH9I72ubXXnm2nroPgn8tA8%2BF6po2V7IwRANTiyYcbc3eEUk%2FR2l7uZBzoAu6oKBJ3RbmiVdH7gMheuqc706iUubV2m48yvtlfoW5hVcrVYrEcFc6uhhaHIRLLnBDg%3D%3D","environmentVariables":{"FIREBASE_CONFIG":"{\"projectId\":\"comocomo-test1\",\"databaseURL\":\"https://comocomo-test1.firebaseio.com\",\"storageBucket\":\"comocomo-test1.appspot.com\",\"locationId\":\"us-central\"}","GCLOUD_PROJECT":"comocomo-test1"},"runtime":"nodejs14","sourceToken":"56d80994-f9e0-499d-860a-b27b76316fb7"},"versionId":"1","updateTime":"2021-12-26T08:23:57Z","buildId":"13495a9a-8d3b-472d-a9a8-d9ed9fea1ad9","sourceToken":"56d80994-f9e0-499d-860a-b27b76316fb7","buildName":"projects/749585415781/locations/us-central1/builds/13495a9a-8d3b-472d-a9a8-d9ed9fea1ad9"}}
[debug] [2021-12-26T08:24:01.078Z] Got source token 56d80994-f9e0-499d-860a-b27b76316fb7 for region us-central1
[debug] [2021-12-26T08:24:01.279Z] <<< [apiv2][status] GET https://cloudfunctions.googleapis.com/v1/operations/Y29tb2NvbW8tdGVzdDEvdXMtY2VudHJhbDEvdGVzdC1hZGRVc2VyLzZDbHpRNUFnbk1z 200
[debug] [2021-12-26T08:24:01.279Z] <<< [apiv2][body] GET https://cloudfunctions.googleapis.com/v1/operations/Y29tb2NvbW8tdGVzdDEvdXMtY2VudHJhbDEvdGVzdC1hZGRVc2VyLzZDbHpRNUFnbk1z {"name":"operations/Y29tb2NvbW8tdGVzdDEvdXMtY2VudHJhbDEvdGVzdC1hZGRVc2VyLzZDbHpRNUFnbk1z","metadata":{"@type":"type.googleapis.com/google.cloud.functions.v1.OperationMetadataV1","target":"projects/comocomo-test1/locations/us-central1/functions/test-addUser","type":"CREATE_FUNCTION","request":{"@type":"type.googleapis.com/google.cloud.functions.v1.CloudFunction","name":"projects/comocomo-test1/locations/us-central1/functions/test-addUser","httpsTrigger":{},"entryPoint":"test.addUser","labels":{"deployment-tool":"cli-firebase"},"sourceUploadUrl":"https://storage.googleapis.com/gcf-upload-us-central1-a3324d84-ce1d-44c6-a226-492de5787b3a/47dd7647-0c99-421f-83a6-bdc2ea58b77d.zip?GoogleAccessId=service-749585415781@gcf-admin-robot.iam.gserviceaccount.com&Expires=1640508781&Signature=LprC%2B4L5MYnLHPg9I8LnQdPNm6lpQDWpI4ElHnh5Khb05vZZNC1W3KYozmsh7bQoVEqUjzcowVGCrnslITjIb2TPIKtRkPF99yllOopU1T7SegRnP1jqs4PQi2HNbdcdWkwwCE3mDugbnLMLz7kNEIrAeA0BPBvhwDJatjkHzMPv9WFYvBmZTxiIenVFMk6ChtSp5jziWUSsZ0BLzTWjUIywdH9I72ubXXnm2nroPgn8tA8%2BF6po2V7IwRANTiyYcbc3eEUk%2FR2l7uZBzoAu6oKBJ3RbmiVdH7gMheuqc706iUubV2m48yvtlfoW5hVcrVYrEcFc6uhhaHIRLLnBDg%3D%3D","environmentVariables":{"FIREBASE_CONFIG":"{\"projectId\":\"comocomo-test1\",\"databaseURL\":\"https://comocomo-test1.firebaseio.com\",\"storageBucket\":\"comocomo-test1.appspot.com\",\"locationId\":\"us-central\"}","GCLOUD_PROJECT":"comocomo-test1"},"runtime":"nodejs14","sourceToken":"56d80994-f9e0-499d-860a-b27b76316fb7"},"versionId":"1","updateTime":"2021-12-26T08:23:57Z","buildId":"13495a9a-8d3b-472d-a9a8-d9ed9fea1ad9","sourceToken":"56d80994-f9e0-499d-860a-b27b76316fb7","buildName":"projects/749585415781/locations/us-central1/builds/13495a9a-8d3b-472d-a9a8-d9ed9fea1ad9"}}
[debug] [2021-12-26T08:24:01.279Z] Got source token 56d80994-f9e0-499d-860a-b27b76316fb7 for region us-central1
[debug] [2021-12-26T08:24:03.080Z] [create-us-central1-test-addPet] Retrying task index 0
[debug] [2021-12-26T08:24:03.081Z] >>> [apiv2][query] GET https://cloudfunctions.googleapis.com/v1/operations/Y29tb2NvbW8tdGVzdDEvdXMtY2VudHJhbDEvdGVzdC1hZGRQZXQvV3RwZUItc0NGUzA [none]
[debug] [2021-12-26T08:24:03.285Z] [create-us-central1-test-addUser] Retrying task index 0
[debug] [2021-12-26T08:24:03.285Z] >>> [apiv2][query] GET https://cloudfunctions.googleapis.com/v1/operations/Y29tb2NvbW8tdGVzdDEvdXMtY2VudHJhbDEvdGVzdC1hZGRVc2VyLzZDbHpRNUFnbk1z [none]
[debug] [2021-12-26T08:24:03.597Z] <<< [apiv2][status] GET https://cloudfunctions.googleapis.com/v1/operations/Y29tb2NvbW8tdGVzdDEvdXMtY2VudHJhbDEvdGVzdC1hZGRQZXQvV3RwZUItc0NGUzA 200
[debug] [2021-12-26T08:24:03.597Z] <<< [apiv2][body] GET https://cloudfunctions.googleapis.com/v1/operations/Y29tb2NvbW8tdGVzdDEvdXMtY2VudHJhbDEvdGVzdC1hZGRQZXQvV3RwZUItc0NGUzA {"name":"operations/Y29tb2NvbW8tdGVzdDEvdXMtY2VudHJhbDEvdGVzdC1hZGRQZXQvV3RwZUItc0NGUzA","metadata":{"@type":"type.googleapis.com/google.cloud.functions.v1.OperationMetadataV1","target":"projects/comocomo-test1/locations/us-central1/functions/test-addPet","type":"CREATE_FUNCTION","request":{"@type":"type.googleapis.com/google.cloud.functions.v1.CloudFunction","name":"projects/comocomo-test1/locations/us-central1/functions/test-addPet","httpsTrigger":{},"entryPoint":"test.addPet","labels":{"deployment-tool":"cli-firebase"},"sourceUploadUrl":"https://storage.googleapis.com/gcf-upload-us-central1-a3324d84-ce1d-44c6-a226-492de5787b3a/47dd7647-0c99-421f-83a6-bdc2ea58b77d.zip?GoogleAccessId=service-749585415781@gcf-admin-robot.iam.gserviceaccount.com&Expires=1640508781&Signature=LprC%2B4L5MYnLHPg9I8LnQdPNm6lpQDWpI4ElHnh5Khb05vZZNC1W3KYozmsh7bQoVEqUjzcowVGCrnslITjIb2TPIKtRkPF99yllOopU1T7SegRnP1jqs4PQi2HNbdcdWkwwCE3mDugbnLMLz7kNEIrAeA0BPBvhwDJatjkHzMPv9WFYvBmZTxiIenVFMk6ChtSp5jziWUSsZ0BLzTWjUIywdH9I72ubXXnm2nroPgn8tA8%2BF6po2V7IwRANTiyYcbc3eEUk%2FR2l7uZBzoAu6oKBJ3RbmiVdH7gMheuqc706iUubV2m48yvtlfoW5hVcrVYrEcFc6uhhaHIRLLnBDg%3D%3D","environmentVariables":{"FIREBASE_CONFIG":"{\"projectId\":\"comocomo-test1\",\"databaseURL\":\"https://comocomo-test1.firebaseio.com\",\"storageBucket\":\"comocomo-test1.appspot.com\",\"locationId\":\"us-central\"}","GCLOUD_PROJECT":"comocomo-test1"},"runtime":"nodejs14","sourceToken":"56d80994-f9e0-499d-860a-b27b76316fb7"},"versionId":"1","updateTime":"2021-12-26T08:23:57Z","buildId":"13495a9a-8d3b-472d-a9a8-d9ed9fea1ad9","sourceToken":"56d80994-f9e0-499d-860a-b27b76316fb7","buildName":"projects/749585415781/locations/us-central1/builds/13495a9a-8d3b-472d-a9a8-d9ed9fea1ad9"}}
[debug] [2021-12-26T08:24:03.597Z] Got source token 56d80994-f9e0-499d-860a-b27b76316fb7 for region us-central1
[debug] [2021-12-26T08:24:03.829Z] <<< [apiv2][status] GET https://cloudfunctions.googleapis.com/v1/operations/Y29tb2NvbW8tdGVzdDEvdXMtY2VudHJhbDEvdGVzdC1hZGRVc2VyLzZDbHpRNUFnbk1z 200
[debug] [2021-12-26T08:24:03.829Z] <<< [apiv2][body] GET https://cloudfunctions.googleapis.com/v1/operations/Y29tb2NvbW8tdGVzdDEvdXMtY2VudHJhbDEvdGVzdC1hZGRVc2VyLzZDbHpRNUFnbk1z {"name":"operations/Y29tb2NvbW8tdGVzdDEvdXMtY2VudHJhbDEvdGVzdC1hZGRVc2VyLzZDbHpRNUFnbk1z","metadata":{"@type":"type.googleapis.com/google.cloud.functions.v1.OperationMetadataV1","target":"projects/comocomo-test1/locations/us-central1/functions/test-addUser","type":"CREATE_FUNCTION","request":{"@type":"type.googleapis.com/google.cloud.functions.v1.CloudFunction","name":"projects/comocomo-test1/locations/us-central1/functions/test-addUser","httpsTrigger":{},"entryPoint":"test.addUser","labels":{"deployment-tool":"cli-firebase"},"sourceUploadUrl":"https://storage.googleapis.com/gcf-upload-us-central1-a3324d84-ce1d-44c6-a226-492de5787b3a/47dd7647-0c99-421f-83a6-bdc2ea58b77d.zip?GoogleAccessId=service-749585415781@gcf-admin-robot.iam.gserviceaccount.com&Expires=1640508781&Signature=LprC%2B4L5MYnLHPg9I8LnQdPNm6lpQDWpI4ElHnh5Khb05vZZNC1W3KYozmsh7bQoVEqUjzcowVGCrnslITjIb2TPIKtRkPF99yllOopU1T7SegRnP1jqs4PQi2HNbdcdWkwwCE3mDugbnLMLz7kNEIrAeA0BPBvhwDJatjkHzMPv9WFYvBmZTxiIenVFMk6ChtSp5jziWUSsZ0BLzTWjUIywdH9I72ubXXnm2nroPgn8tA8%2BF6po2V7IwRANTiyYcbc3eEUk%2FR2l7uZBzoAu6oKBJ3RbmiVdH7gMheuqc706iUubV2m48yvtlfoW5hVcrVYrEcFc6uhhaHIRLLnBDg%3D%3D","environmentVariables":{"FIREBASE_CONFIG":"{\"projectId\":\"comocomo-test1\",\"databaseURL\":\"https://comocomo-test1.firebaseio.com\",\"storageBucket\":\"comocomo-test1.appspot.com\",\"locationId\":\"us-central\"}","GCLOUD_PROJECT":"comocomo-test1"},"runtime":"nodejs14","sourceToken":"56d80994-f9e0-499d-860a-b27b76316fb7"},"versionId":"1","updateTime":"2021-12-26T08:23:57Z","buildId":"13495a9a-8d3b-472d-a9a8-d9ed9fea1ad9","sourceToken":"56d80994-f9e0-499d-860a-b27b76316fb7","buildName":"projects/749585415781/locations/us-central1/builds/13495a9a-8d3b-472d-a9a8-d9ed9fea1ad9"}}
[debug] [2021-12-26T08:24:03.829Z] Got source token 56d80994-f9e0-499d-860a-b27b76316fb7 for region us-central1
[debug] [2021-12-26T08:24:06.871Z] [create-us-central1-test-createGroup] Retrying task index 0
[debug] [2021-12-26T08:24:06.871Z] >>> [apiv2][query] GET https://cloudfunctions.googleapis.com/v1/operations/Y29tb2NvbW8tdGVzdDEvdXMtY2VudHJhbDEvdGVzdC1jcmVhdGVHcm91cC9BeUVRY0RQUGJqSQ [none]
[debug] [2021-12-26T08:24:07.605Z] [create-us-central1-test-addPet] Retrying task index 0
[debug] [2021-12-26T08:24:07.605Z] >>> [apiv2][query] GET https://cloudfunctions.googleapis.com/v1/operations/Y29tb2NvbW8tdGVzdDEvdXMtY2VudHJhbDEvdGVzdC1hZGRQZXQvV3RwZUItc0NGUzA [none]
[debug] [2021-12-26T08:24:07.835Z] [create-us-central1-test-addUser] Retrying task index 0
[debug] [2021-12-26T08:24:07.836Z] >>> [apiv2][query] GET https://cloudfunctions.googleapis.com/v1/operations/Y29tb2NvbW8tdGVzdDEvdXMtY2VudHJhbDEvdGVzdC1hZGRVc2VyLzZDbHpRNUFnbk1z [none]
[debug] [2021-12-26T08:26:37.296Z] [create-us-central1-test-addPet] Retrying task index 0
[debug] [2021-12-26T08:26:37.297Z] >>> [apiv2][query] GET https://cloudfunctions.googleapis.com/v1/operations/Y29tb2NvbW8tdGVzdDEvdXMtY2VudHJhbDEvdGVzdC1hZGRQZXQvV3RwZUItc0NGUzA [none]
[debug] [2021-12-26T08:26:37.298Z] [create-us-central1-test-addUser] Retrying task index 0
[debug] [2021-12-26T08:26:37.298Z] >>> [apiv2][query] GET https://cloudfunctions.googleapis.com/v1/operations/Y29tb2NvbW8tdGVzdDEvdXMtY2VudHJhbDEvdGVzdC1hZGRVc2VyLzZDbHpRNUFnbk1z [none]
[debug] [2021-12-26T08:26:39.305Z] [create-us-central1-test-createGroup] Retrying task index 0
[debug] [2021-12-26T08:26:39.306Z] >>> [apiv2][query] GET https://cloudfunctions.googleapis.com/v1/operations/Y29tb2NvbW8tdGVzdDEvdXMtY2VudHJhbDEvdGVzdC1jcmVhdGVHcm91cC9BeUVRY0RQUGJqSQ [none]
[debug] [2021-12-26T08:26:47.299Z] [create-us-central1-test-addPet] Retrying task index 0
[debug] [2021-12-26T08:26:47.300Z] >>> [apiv2][query] GET https://cloudfunctions.googleapis.com/v1/operations/Y29tb2NvbW8tdGVzdDEvdXMtY2VudHJhbDEvdGVzdC1hZGRQZXQvV3RwZUItc0NGUzA [none]
[debug] [2021-12-26T08:26:47.303Z] [create-us-central1-test-addUser] Retrying task index 0
[debug] [2021-12-26T08:26:47.303Z] >>> [apiv2][query] GET https://cloudfunctions.googleapis.com/v1/operations/Y29tb2NvbW8tdGVzdDEvdXMtY2VudHJhbDEvdGVzdC1hZGRVc2VyLzZDbHpRNUFnbk1z [none]
[debug] [2021-12-26T08:26:49.319Z] [create-us-central1-test-createGroup] Retrying task index 0
[debug] [2021-12-26T08:26:49.320Z] >>> [apiv2][query] GET https://cloudfunctions.googleapis.com/v1/operations/Y29tb2NvbW8tdGVzdDEvdXMtY2VudHJhbDEvdGVzdC1jcmVhdGVHcm91cC9BeUVRY0RQUGJqSQ [none]
[debug] [2021-12-26T08:26:57.316Z] [create-us-central1-test-addPet] Retrying task index 0
[debug] [2021-12-26T08:26:57.317Z] >>> [apiv2][query] GET https://cloudfunctions.googleapis.com/v1/operations/Y29tb2NvbW8tdGVzdDEvdXMtY2VudHJhbDEvdGVzdC1hZGRQZXQvV3RwZUItc0NGUzA [none]
[debug] [2021-12-26T08:26:57.319Z] [create-us-central1-test-addUser] Retrying task index 0
[debug] [2021-12-26T08:26:57.320Z] >>> [apiv2][query] GET https://cloudfunctions.googleapis.com/v1/operations/Y29tb2NvbW8tdGVzdDEvdXMtY2VudHJhbDEvdGVzdC1hZGRVc2VyLzZDbHpRNUFnbk1z [none]
[debug] [2021-12-26T08:33:46.841Z] [create-us-central1-test-createGroup] Retrying task index 0
[debug] [2021-12-26T08:33:46.841Z] >>> [apiv2][query] GET https://cloudfunctions.googleapis.com/v1/operations/Y29tb2NvbW8tdGVzdDEvdXMtY2VudHJhbDEvdGVzdC1jcmVhdGVHcm91cC9BeUVRY0RQUGJqSQ [none]
[debug] [2021-12-26T08:33:46.842Z] [create-us-central1-test-addPet] Retrying task index 0
[debug] [2021-12-26T08:33:46.842Z] >>> [apiv2][query] GET https://cloudfunctions.googleapis.com/v1/operations/Y29tb2NvbW8tdGVzdDEvdXMtY2VudHJhbDEvdGVzdC1hZGRQZXQvV3RwZUItc0NGUzA [none]
[debug] [2021-12-26T08:33:46.842Z] [create-us-central1-test-addUser] Retrying task index 0
[debug] [2021-12-26T08:33:46.843Z] >>> [apiv2][query] GET https://cloudfunctions.googleapis.com/v1/operations/Y29tb2NvbW8tdGVzdDEvdXMtY2VudHJhbDEvdGVzdC1hZGRVc2VyLzZDbHpRNUFnbk1z [none]
[debug] [2021-12-26T08:33:56.853Z] [create-us-central1-test-createGroup] Retrying task index 0
[debug] [2021-12-26T08:33:56.854Z] >>> [apiv2][query] GET https://cloudfunctions.googleapis.com/v1/operations/Y29tb2NvbW8tdGVzdDEvdXMtY2VudHJhbDEvdGVzdC1jcmVhdGVHcm91cC9BeUVRY0RQUGJqSQ [none]
[debug] [2021-12-26T08:33:56.856Z] [create-us-central1-test-addPet] Retrying task index 0
[debug] [2021-12-26T08:33:56.857Z] >>> [apiv2][query] GET https://cloudfunctions.googleapis.com/v1/operations/Y29tb2NvbW8tdGVzdDEvdXMtY2VudHJhbDEvdGVzdC1hZGRQZXQvV3RwZUItc0NGUzA [none]
[debug] [2021-12-26T08:33:56.859Z] [create-us-central1-test-addUser] Retrying task index 0
[debug] [2021-12-26T08:33:56.862Z] >>> [apiv2][query] GET https://cloudfunctions.googleapis.com/v1/operations/Y29tb2NvbW8tdGVzdDEvdXMtY2VudHJhbDEvdGVzdC1hZGRVc2VyLzZDbHpRNUFnbk1z [none]
[debug] [2021-12-26T10:57:14.146Z] [create-us-central1-test-createGroup] Retrying task index 0
[debug] [2021-12-26T10:57:14.146Z] > refreshing access token with scopes: []
[debug] [2021-12-26T10:57:14.146Z] >>> HTTP REQUEST POST https://www.googleapis.com/oauth2/v3/token  
 <request body omitted>
[debug] [2021-12-26T10:57:14.147Z] [create-us-central1-test-addPet] Retrying task index 0
[debug] [2021-12-26T10:57:14.147Z] > refreshing access token with scopes: []
[debug] [2021-12-26T10:57:14.147Z] >>> HTTP REQUEST POST https://www.googleapis.com/oauth2/v3/token  
 <request body omitted>
[debug] [2021-12-26T10:57:14.147Z] [create-us-central1-test-addUser] Retrying task index 0
[debug] [2021-12-26T10:57:14.148Z] > refreshing access token with scopes: []
[debug] [2021-12-26T10:57:14.148Z] >>> HTTP REQUEST POST https://www.googleapis.com/oauth2/v3/token  
 <request body omitted>
[debug] Task index 0 failed: timed out after 1500000ms.
[debug] Task index 0 failed: timed out after 1500000ms.
[debug] Task index 0 failed: timed out after 1500000ms.
[debug] [2021-12-26T10:57:14.153Z] Total Function Deployment time: 9248847
[debug] [2021-12-26T10:57:14.153Z] 3 Functions Deployed
[debug] [2021-12-26T10:57:14.153Z] 3 Functions Errored
[debug] [2021-12-26T10:57:14.154Z] 0 Function Deployments Aborted
[debug] [2021-12-26T10:57:14.154Z] Average Function Deployment time: 9248845.666666666
[info] 
[info] Functions deploy had errors with the following functions:
	test-addPet(us-central1)
	test-addUser(us-central1)
	test-createGroup(us-central1)
[debug] [2021-12-26T10:57:14.155Z] Missing URI for HTTPS function in printTriggerUrls. This shouldn't happen
[debug] [2021-12-26T10:57:14.155Z] Missing URI for HTTPS function in printTriggerUrls. This shouldn't happen
[debug] [2021-12-26T10:57:14.156Z] Missing URI for HTTPS function in printTriggerUrls. This shouldn't happen
[info] i  functions: cleaning up build files... 
[debug] [2021-12-26T10:57:14.157Z] > refreshing access token with scopes: []
[debug] [2021-12-26T10:57:14.157Z] >>> HTTP REQUEST POST https://www.googleapis.com/oauth2/v3/token  
 <request body omitted>
[debug] [2021-12-26T10:57:14.158Z] > refreshing access token with scopes: []
[debug] [2021-12-26T10:57:14.158Z] >>> HTTP REQUEST POST https://www.googleapis.com/oauth2/v3/token  
 <request body omitted>
[debug] [2021-12-26T10:57:14.158Z] > refreshing access token with scopes: []
[debug] [2021-12-26T10:57:14.158Z] >>> HTTP REQUEST POST https://www.googleapis.com/oauth2/v3/token  
 <request body omitted>
[debug] [2021-12-26T10:57:14.168Z] Failed docker command with error  Authentication Error: Your credentials are no longer valid. Please run firebase login --reauth

For CI servers and headless environments, generate a new token with firebase login:ci {"name":"FirebaseError","children":[],"exit":1,"message":"Authentication Error: Your credentials are no longer valid. Please run \u001b[1mfirebase login --reauth\u001b[22m\n\nFor CI servers and headless environments, generate a new token with \u001b[1mfirebase login:ci\u001b[22m","status":500}
[debug] [2021-12-26T10:57:14.168Z] Failed docker command with error  Authentication Error: Your credentials are no longer valid. Please run firebase login --reauth

For CI servers and headless environments, generate a new token with firebase login:ci {"name":"FirebaseError","children":[],"exit":1,"message":"Authentication Error: Your credentials are no longer valid. Please run \u001b[1mfirebase login --reauth\u001b[22m\n\nFor CI servers and headless environments, generate a new token with \u001b[1mfirebase login:ci\u001b[22m","status":500}
[debug] [2021-12-26T10:57:14.169Z] > refreshing access token with scopes: []
[debug] [2021-12-26T10:57:14.169Z] >>> HTTP REQUEST POST https://www.googleapis.com/oauth2/v3/token  
 <request body omitted>
[debug] [2021-12-26T10:57:14.170Z] > refreshing access token with scopes: []
[debug] [2021-12-26T10:57:14.170Z] >>> HTTP REQUEST POST https://www.googleapis.com/oauth2/v3/token  
 <request body omitted>
[debug] [2021-12-26T10:57:14.170Z] Failed docker command with error  Authentication Error: Your credentials are no longer valid. Please run firebase login --reauth

For CI servers and headless environments, generate a new token with firebase login:ci {"name":"FirebaseError","children":[],"exit":1,"message":"Authentication Error: Your credentials are no longer valid. Please run \u001b[1mfirebase login --reauth\u001b[22m\n\nFor CI servers and headless environments, generate a new token with \u001b[1mfirebase login:ci\u001b[22m","status":500}
[debug] [2021-12-26T10:57:14.172Z] > refreshing access token with scopes: []
[debug] [2021-12-26T10:57:14.172Z] >>> HTTP REQUEST POST https://www.googleapis.com/oauth2/v3/token  
 <request body omitted>
[debug] [2021-12-26T10:57:14.173Z] Failed docker command with error  Authentication Error: Your credentials are no longer valid. Please run firebase login --reauth

For CI servers and headless environments, generate a new token with firebase login:ci {"name":"FirebaseError","children":[],"exit":1,"message":"Authentication Error: Your credentials are no longer valid. Please run \u001b[1mfirebase login --reauth\u001b[22m\n\nFor CI servers and headless environments, generate a new token with \u001b[1mfirebase login:ci\u001b[22m","status":500}
[debug] [2021-12-26T10:57:14.174Z] Failed docker command with error  Authentication Error: Your credentials are no longer valid. Please run firebase login --reauth

For CI servers and headless environments, generate a new token with firebase login:ci {"name":"FirebaseError","children":[],"exit":1,"message":"Authentication Error: Your credentials are no longer valid. Please run \u001b[1mfirebase login --reauth\u001b[22m\n\nFor CI servers and headless environments, generate a new token with \u001b[1mfirebase login:ci\u001b[22m","status":500}
[debug] [2021-12-26T10:57:14.176Z] Failed docker command with error  Authentication Error: Your credentials are no longer valid. Please run firebase login --reauth

For CI servers and headless environments, generate a new token with firebase login:ci {"name":"FirebaseError","children":[],"exit":1,"message":"Authentication Error: Your credentials are no longer valid. Please run \u001b[1mfirebase login --reauth\u001b[22m\n\nFor CI servers and headless environments, generate a new token with \u001b[1mfirebase login:ci\u001b[22m","status":500}
[debug] [2021-12-26T10:57:14.274Z] > refreshing access token with scopes: []
[debug] [2021-12-26T10:57:14.274Z] >>> HTTP REQUEST POST https://www.googleapis.com/oauth2/v3/token  
 <request body omitted>
[debug] [2021-12-26T10:57:14.275Z] > refreshing access token with scopes: []
[debug] [2021-12-26T10:57:14.275Z] >>> HTTP REQUEST POST https://www.googleapis.com/oauth2/v3/token  
 <request body omitted>
[debug] [2021-12-26T10:57:14.277Z] > refreshing access token with scopes: []
[debug] [2021-12-26T10:57:14.277Z] >>> HTTP REQUEST POST https://www.googleapis.com/oauth2/v3/token  
 <request body omitted>
[debug] [2021-12-26T10:57:14.277Z] Failed docker command with error  Authentication Error: Your credentials are no longer valid. Please run firebase login --reauth

For CI servers and headless environments, generate a new token with firebase login:ci {"name":"FirebaseError","children":[],"exit":1,"message":"Authentication Error: Your credentials are no longer valid. Please run \u001b[1mfirebase login --reauth\u001b[22m\n\nFor CI servers and headless environments, generate a new token with \u001b[1mfirebase login:ci\u001b[22m","status":500}
[debug] [2021-12-26T10:57:14.278Z] Failed docker command with error  Authentication Error: Your credentials are no longer valid. Please run firebase login --reauth

For CI servers and headless environments, generate a new token with firebase login:ci {"name":"FirebaseError","children":[],"exit":1,"message":"Authentication Error: Your credentials are no longer valid. Please run \u001b[1mfirebase login --reauth\u001b[22m\n\nFor CI servers and headless environments, generate a new token with \u001b[1mfirebase login:ci\u001b[22m","status":500}
[debug] [2021-12-26T10:57:14.279Z] Failed docker command with error  Authentication Error: Your credentials are no longer valid. Please run firebase login --reauth

For CI servers and headless environments, generate a new token with firebase login:ci {"name":"FirebaseError","children":[],"exit":1,"message":"Authentication Error: Your credentials are no longer valid. Please run \u001b[1mfirebase login --reauth\u001b[22m\n\nFor CI servers and headless environments, generate a new token with \u001b[1mfirebase login:ci\u001b[22m","status":500}
[warn] ⚠  functions: Unhandled error cleaning up build images. This could result in a small monthly bill if not corrected. You can attempt to delete these images by redeploying or you can delete them manually at https://console.cloud.google.com/gcr/images/comocomo-test1/us/gcf 
[error] Error: There was an error deploying functions:
[error] - Error Failed to create function test-createGroup in region us-central1
[error] - Error Failed to create function test-addUser in region us-central1
[error] - Error Failed to create function test-addPet in region us-central1
